Using pre-set license
Built from '2020.3/staging' branch; Version is '2020.3.3f1 (76626098c1c4) revision 7758432'; Using compiler version '192528614'; Build Type 'Release'
OS: 'Windows 10 Home; OS build 19041.1052; Version 2004; 64bit' Language: 'he' Physical Memory: 32699 MB
BatchMode: 1, IsHumanControllingUs: 0, StartBugReporterOnCrash: 0, Is64bit: 1, IsPro: 0

 COMMAND LINE ARGUMENTS:
C:\unityversions\2020.3.3f1\Editor\Unity.exe
-adb2
-batchMode
-noUpm
-name
AssetImportWorker1
-projectPath
C:/Users/Public/UnityProj/Junior Programmer/Unit 3
-logFile
Logs/AssetImportWorker1.log
-srvPort
57472
Successfully changed project path to: C:/Users/Public/UnityProj/Junior Programmer/Unit 3
C:/Users/Public/UnityProj/Junior Programmer/Unit 3
Using Asset Import Pipeline V2.
Refreshing native plugins compatible for Editor in 18.84 ms, found 0 plugins.
Preloading 0 native plugins for Editor in 0.00 ms.
Initialize engine version: 2020.3.3f1 (76626098c1c4)
[Subsystems] Discovering subsystems at path C:/unityversions/2020.3.3f1/Editor/Data/Resources/UnitySubsystems
[Subsystems] Discovering subsystems at path C:/Users/Public/UnityProj/Junior Programmer/Unit 3/Assets
GfxDevice: creating device client; threaded=0
Direct3D:
    Version:  Direct3D 11.0 [level 11.1]
    Renderer: NVIDIA GeForce GTX 1660 (ID=0x2184)
    Vendor:   
    VRAM:     5991 MB
    Driver:   30.0.14.7111
Initialize mono
Mono path[0] = 'C:/unityversions/2020.3.3f1/Editor/Data/Managed'
Mono path[1] = 'C:/unityversions/2020.3.3f1/Editor/Data/MonoBleedingEdge/lib/mono/unityjit'
Mono config path = 'C:/unityversions/2020.3.3f1/Editor/Data/MonoBleedingEdge/etc'
Using monoOptions --debugger-agent=transport=dt_socket,embedding=1,server=y,suspend=n,address=127.0.0.1:56980
Begin MonoManager ReloadAssembly
Registering precompiled unity dll's ...
Register platform support module: C:/unityversions/2020.3.3f1/Editor/Data/PlaybackEngines/WebGLSupport/UnityEditor.WebGL.Extensions.dll
Register platform support module: C:/unityversions/2020.3.3f1/Editor/Data/PlaybackEngines/WindowsStandaloneSupport/UnityEditor.WindowsStandalone.Extensions.dll
Registered in 0.001834 seconds.
Native extension for WindowsStandalone target not found
Native extension for WebGL target not found
Refreshing native plugins compatible for Editor in 18.98 ms, found 0 plugins.
Preloading 0 native plugins for Editor in 0.00 ms.
Invoked RoslynAnalysisRunner static constructor.
RoslynAnalysisRunner will not be running.
RoslynAnalysisRunner has terminated.
Mono: successfully reloaded assembly
- Completed reload, in  2.141 seconds
Platform modules already initialized, skipping
Registering precompiled user dll's ...
Registered in 0.000521 seconds.
Begin MonoManager ReloadAssembly
Native extension for WindowsStandalone target not found
Native extension for WebGL target not found
Refreshing native plugins compatible for Editor in 0.20 ms, found 0 plugins.
Preloading 0 native plugins for Editor in 0.00 ms.
Invoked RoslynAnalysisRunner static constructor.
RoslynAnalysisRunner will not be running.
RoslynAnalysisRunner has terminated.
Mono: successfully reloaded assembly
- Completed reload, in  0.649 seconds
Platform modules already initialized, skipping
========================================================================
Worker process is ready to serve import requests
Launched and connected shader compiler UnityShaderCompiler.exe after 0.10 seconds
Refreshing native plugins compatible for Editor in 0.23 ms, found 0 plugins.
Preloading 0 native plugins for Editor in 0.00 ms.
Unloading 1128 Unused Serialized files (Serialized files now loaded: 0)
System memory in use before: 58.1 MB.
System memory in use after: 58.2 MB.

Unloading 9 unused Assets to reduce memory usage. Loaded Objects now: 1575.
Total: 1.648000 ms (FindLiveObjects: 0.185200 ms CreateObjectMapping: 0.051100 ms MarkObjects: 1.345700 ms  DeleteObjects: 0.065400 ms)

========================================================================
Received Import Request.
  path: Assets/Bonus Features 3/Scripts/PlayerContollerBonus.cs
  artifactKey: Guid(0f6a51453426fca449c92de8fe74e1bd) Importer(815301076,1909f56bfc062723c751e8b465ee728b)
Start importing Assets/Bonus Features 3/Scripts/PlayerContollerBonus.cs using Guid(0f6a51453426fca449c92de8fe74e1bd) Importer(815301076,1909f56bfc062723c751e8b465ee728b)  -> (artifact id: 'a3f42847d10930f096854d9c7d26b6c6') in 0.016806 seconds
  Import took 0.018366 seconds .

========================================================================
Received Import Request.
  Time since last request: 0.000316 seconds.
  path: Assets/Bonus Features 3/Scripts/SpawnManagerBonus.cs
  artifactKey: Guid(cc2200b0e42bce04bace0ddfc7445c23) Importer(815301076,1909f56bfc062723c751e8b465ee728b)
Start importing Assets/Bonus Features 3/Scripts/SpawnManagerBonus.cs using Guid(cc2200b0e42bce04bace0ddfc7445c23) Importer(815301076,1909f56bfc062723c751e8b465ee728b)  -> (artifact id: 'cf5c5198282257276353cbb6daffc732') in 0.001328 seconds
  Import took 0.002556 seconds .

========================================================================
Received Import Request.
  Time since last request: 7.898100 seconds.
  path: Assets/Bonus Features 3/Scripts/SpawnManagerBonus.cs
  artifactKey: Guid(cc2200b0e42bce04bace0ddfc7445c23) Importer(815301076,1909f56bfc062723c751e8b465ee728b)
Start importing Assets/Bonus Features 3/Scripts/SpawnManagerBonus.cs using Guid(cc2200b0e42bce04bace0ddfc7445c23) Importer(815301076,1909f56bfc062723c751e8b465ee728b)  -> (artifact id: 'dda8d9904721a8c3aef5a8f424c0d820') in 0.001776 seconds
  Import took 0.003486 seconds .

========================================================================
Received Import Request.
  Time since last request: 36.003322 seconds.
  path: Assets/Bonus Features 3/Scripts/SpawnManagerBonus.cs
  artifactKey: Guid(cc2200b0e42bce04bace0ddfc7445c23) Importer(815301076,1909f56bfc062723c751e8b465ee728b)
Start importing Assets/Bonus Features 3/Scripts/SpawnManagerBonus.cs using Guid(cc2200b0e42bce04bace0ddfc7445c23) Importer(815301076,1909f56bfc062723c751e8b465ee728b)  -> (artifact id: '8ee62af9bebfddece5c85ac59bba5cc2') in 0.001997 seconds
  Import took 0.003866 seconds .

========================================================================
Received Import Request.
  Time since last request: 11.418388 seconds.
  path: Assets/Bonus Features 3/Scripts/SpawnManagerBonus.cs
  artifactKey: Guid(cc2200b0e42bce04bace0ddfc7445c23) Importer(815301076,1909f56bfc062723c751e8b465ee728b)
Start importing Assets/Bonus Features 3/Scripts/SpawnManagerBonus.cs using Guid(cc2200b0e42bce04bace0ddfc7445c23) Importer(815301076,1909f56bfc062723c751e8b465ee728b)  -> (artifact id: '375b87c2e468a371ecac4949c19905af') in 0.001754 seconds
  Import took 0.003276 seconds .

========================================================================
Received Import Request.
  Time since last request: 4.127050 seconds.
  path: Assets/Bonus Features 3/Scripts/SpawnManagerBonus.cs
  artifactKey: Guid(cc2200b0e42bce04bace0ddfc7445c23) Importer(815301076,1909f56bfc062723c751e8b465ee728b)
Start importing Assets/Bonus Features 3/Scripts/SpawnManagerBonus.cs using Guid(cc2200b0e42bce04bace0ddfc7445c23) Importer(815301076,1909f56bfc062723c751e8b465ee728b)  -> (artifact id: 'eba38413b6841423b54023521e166585') in 0.001468 seconds
  Import took 0.002954 seconds .

========================================================================
Received Prepare
Registering precompiled user dll's ...
Registered in 0.000990 seconds.
Begin MonoManager ReloadAssembly
Native extension for WindowsStandalone target not found
Native extension for WebGL target not found
Refreshing native plugins compatible for Editor in 0.20 ms, found 0 plugins.
Preloading 0 native plugins for Editor in 0.00 ms.
Invoked RoslynAnalysisRunner static constructor.
RoslynAnalysisRunner will not be running.
RoslynAnalysisRunner has terminated.
Mono: successfully reloaded assembly
- Completed reload, in  0.618 seconds
Platform modules already initialized, skipping
Refreshing native plugins compatible for Editor in 0.38 ms, found 0 plugins.
Preloading 0 native plugins for Editor in 0.00 ms.
Unloading 1121 Unused Serialized files (Serialized files now loaded: 0)
System memory in use before: 57.9 MB.
System memory in use after: 58.0 MB.

Unloading 4 unused Assets to reduce memory usage. Loaded Objects now: 1578.
Total: 1.484700 ms (FindLiveObjects: 0.126800 ms CreateObjectMapping: 0.031900 ms MarkObjects: 1.310800 ms  DeleteObjects: 0.014400 ms)

========================================================================
Received Import Request.
  Time since last request: 22.810605 seconds.
  path: Assets/Bonus Features 3/Scenes/Bonus Features.unity
  artifactKey: Guid(cd4edbb4a640d704787259a3c1ed7999) Importer(815301076,1909f56bfc062723c751e8b465ee728b)
Start importing Assets/Bonus Features 3/Scenes/Bonus Features.unity using Guid(cd4edbb4a640d704787259a3c1ed7999) Importer(815301076,1909f56bfc062723c751e8b465ee728b)  -> (artifact id: '3eb8d1eb2452bf5ffb0c8b74ce9a9f59') in 0.011889 seconds
  Import took 0.013850 seconds .

========================================================================
Received Import Request.
  Time since last request: 9.600897 seconds.
  path: Assets/Bonus Features 3/Prefab
  artifactKey: Guid(3475d141f3d65a74e872bc663a5d0fde) Importer(815301076,1909f56bfc062723c751e8b465ee728b)
Start importing Assets/Bonus Features 3/Prefab using Guid(3475d141f3d65a74e872bc663a5d0fde) Importer(815301076,1909f56bfc062723c751e8b465ee728b)  -> (artifact id: 'b28465ed8694656754653cee64c3864d') in 0.001976 seconds
  Import took 0.003611 seconds .

========================================================================
Received Import Request.
  Time since last request: 43.270057 seconds.
  path: Assets/Bonus Features 3/Prefab/Barrel.prefab
  artifactKey: Guid(a2bd0bacf60f4bc409346a4eeeb2d5d8) Importer(815301076,1909f56bfc062723c751e8b465ee728b)
Start importing Assets/Bonus Features 3/Prefab/Barrel.prefab using Guid(a2bd0bacf60f4bc409346a4eeeb2d5d8) Importer(815301076,1909f56bfc062723c751e8b465ee728b)  -> (artifact id: '99af9513965afdfa9939dd106801d8ac') in 0.071678 seconds
  Import took 0.073384 seconds .

========================================================================
Received Import Request.
  Time since last request: 2.723573 seconds.
  path: Assets/Bonus Features 3/Prefab/Crate.prefab
  artifactKey: Guid(fa487a16cf527f948b875bdb26f74939) Importer(815301076,1909f56bfc062723c751e8b465ee728b)
Start importing Assets/Bonus Features 3/Prefab/Crate.prefab using Guid(fa487a16cf527f948b875bdb26f74939) Importer(815301076,1909f56bfc062723c751e8b465ee728b)  -> (artifact id: '8740da98d24467f222c35f939f08e227') in 0.009799 seconds
  Import took 0.011657 seconds .

========================================================================
Received Import Request.
  Time since last request: 0.000400 seconds.
  path: Assets/Bonus Features 3/Prefab/Crate.prefab
  artifactKey: Guid(fa487a16cf527f948b875bdb26f74939) Importer(815301076,1909f56bfc062723c751e8b465ee728b)
Start importing Assets/Bonus Features 3/Prefab/Crate.prefab using Guid(fa487a16cf527f948b875bdb26f74939) Importer(815301076,1909f56bfc062723c751e8b465ee728b)  -> (artifact id: '8740da98d24467f222c35f939f08e227') in 0.008489 seconds
  Import took 0.010466 seconds .

========================================================================
Received Import Request.
  Time since last request: 3.346939 seconds.
  path: Assets/Bonus Features 3/Prefab/Rock.prefab
  artifactKey: Guid(55e4fc7691b0d4342a471c3830aa69c6) Importer(815301076,1909f56bfc062723c751e8b465ee728b)
Start importing Assets/Bonus Features 3/Prefab/Rock.prefab using Guid(55e4fc7691b0d4342a471c3830aa69c6) Importer(815301076,1909f56bfc062723c751e8b465ee728b)  -> (artifact id: '0477791d21da049241dd0232a9e6d7f4') in 0.009732 seconds
  Import took 0.011524 seconds .

========================================================================
Received Import Request.
  Time since last request: 3.067437 seconds.
  path: Assets/Bonus Features 3/Prefab/Barrier.prefab
  artifactKey: Guid(8615ae55b2d25db40aa9f22caed77338) Importer(815301076,1909f56bfc062723c751e8b465ee728b)
Start importing Assets/Bonus Features 3/Prefab/Barrier.prefab using Guid(8615ae55b2d25db40aa9f22caed77338) Importer(815301076,1909f56bfc062723c751e8b465ee728b)  -> (artifact id: '515f9adf1fa9202c9f415f9f3080b93c') in 0.010893 seconds
  Import took 0.012798 seconds .

========================================================================
Received Prepare
Registering precompiled user dll's ...
Registered in 0.000543 seconds.
Begin MonoManager ReloadAssembly
Native extension for WindowsStandalone target not found
Native extension for WebGL target not found
Refreshing native plugins compatible for Editor in 0.19 ms, found 0 plugins.
Preloading 0 native plugins for Editor in 0.00 ms.
Invoked RoslynAnalysisRunner static constructor.
RoslynAnalysisRunner will not be running.
RoslynAnalysisRunner has terminated.
Mono: successfully reloaded assembly
- Completed reload, in  0.643 seconds
Platform modules already initialized, skipping
Refreshing native plugins compatible for Editor in 0.21 ms, found 0 plugins.
Preloading 0 native plugins for Editor in 0.00 ms.
Unloading 1121 Unused Serialized files (Serialized files now loaded: 0)
System memory in use before: 61.0 MB.
System memory in use after: 61.1 MB.

Unloading 4 unused Assets to reduce memory usage. Loaded Objects now: 1588.
Total: 3.245100 ms (FindLiveObjects: 0.269900 ms CreateObjectMapping: 0.090700 ms MarkObjects: 2.858800 ms  DeleteObjects: 0.023500 ms)

========================================================================
Received Import Request.
  Time since last request: 34.983404 seconds.
  path: Assets/Bonus Features 3/Prefab/Barrel.prefab
  artifactKey: Guid(a2bd0bacf60f4bc409346a4eeeb2d5d8) Importer(815301076,1909f56bfc062723c751e8b465ee728b)
Start importing Assets/Bonus Features 3/Prefab/Barrel.prefab using Guid(a2bd0bacf60f4bc409346a4eeeb2d5d8) Importer(815301076,1909f56bfc062723c751e8b465ee728b)  -> (artifact id: '7984633cc006209dde4e1f999cbc1dfd') in 0.050948 seconds
  Import took 0.053041 seconds .

========================================================================
Received Prepare
Registering precompiled user dll's ...
Registered in 0.000779 seconds.
Begin MonoManager ReloadAssembly
Native extension for WindowsStandalone target not found
Native extension for WebGL target not found
Refreshing native plugins compatible for Editor in 0.19 ms, found 0 plugins.
Preloading 0 native plugins for Editor in 0.00 ms.
Invoked RoslynAnalysisRunner static constructor.
RoslynAnalysisRunner will not be running.
RoslynAnalysisRunner has terminated.
Mono: successfully reloaded assembly
- Completed reload, in  0.665 seconds
Platform modules already initialized, skipping
Refreshing native plugins compatible for Editor in 0.33 ms, found 0 plugins.
Preloading 0 native plugins for Editor in 0.00 ms.
Unloading 1121 Unused Serialized files (Serialized files now loaded: 0)
System memory in use before: 61.1 MB.
System memory in use after: 61.2 MB.

Unloading 4 unused Assets to reduce memory usage. Loaded Objects now: 1592.
Total: 1.804800 ms (FindLiveObjects: 0.222500 ms CreateObjectMapping: 0.066500 ms MarkObjects: 1.500600 ms  DeleteObjects: 0.013800 ms)

========================================================================
Received Prepare
Registering precompiled user dll's ...
Registered in 0.000465 seconds.
Begin MonoManager ReloadAssembly
Native extension for WindowsStandalone target not found
Native extension for WebGL target not found
Refreshing native plugins compatible for Editor in 0.19 ms, found 0 plugins.
Preloading 0 native plugins for Editor in 0.00 ms.
Invoked RoslynAnalysisRunner static constructor.
RoslynAnalysisRunner will not be running.
RoslynAnalysisRunner has terminated.
Mono: successfully reloaded assembly
- Completed reload, in  0.622 seconds
Platform modules already initialized, skipping
Refreshing native plugins compatible for Editor in 0.23 ms, found 0 plugins.
Preloading 0 native plugins for Editor in 0.00 ms.
Unloading 1121 Unused Serialized files (Serialized files now loaded: 0)
System memory in use before: 61.1 MB.
System memory in use after: 61.2 MB.

Unloading 4 unused Assets to reduce memory usage. Loaded Objects now: 1595.
Total: 3.818700 ms (FindLiveObjects: 0.308300 ms CreateObjectMapping: 0.101100 ms MarkObjects: 3.374000 ms  DeleteObjects: 0.032300 ms)

========================================================================
Received Prepare
Registering precompiled user dll's ...
Registered in 0.000456 seconds.
Begin MonoManager ReloadAssembly
Native extension for WindowsStandalone target not found
Native extension for WebGL target not found
Refreshing native plugins compatible for Editor in 0.25 ms, found 0 plugins.
Preloading 0 native plugins for Editor in 0.00 ms.
Invoked RoslynAnalysisRunner static constructor.
RoslynAnalysisRunner will not be running.
RoslynAnalysisRunner has terminated.
Mono: successfully reloaded assembly
- Completed reload, in  0.613 seconds
Platform modules already initialized, skipping
Refreshing native plugins compatible for Editor in 0.19 ms, found 0 plugins.
Preloading 0 native plugins for Editor in 0.00 ms.
Unloading 1121 Unused Serialized files (Serialized files now loaded: 0)
System memory in use before: 61.1 MB.
System memory in use after: 61.2 MB.

Unloading 4 unused Assets to reduce memory usage. Loaded Objects now: 1598.
Total: 3.531000 ms (FindLiveObjects: 0.272500 ms CreateObjectMapping: 0.089100 ms MarkObjects: 3.139000 ms  DeleteObjects: 0.028700 ms)

========================================================================
Received Import Request.
  Time since last request: 126.248851 seconds.
  path: Assets/Course Library/Obstacles/Prop_Tree_Log_02.prefab
  artifactKey: Guid(9020d2933ec6c0544965ea4b12952c42) Importer(815301076,1909f56bfc062723c751e8b465ee728b)
Start importing Assets/Course Library/Obstacles/Prop_Tree_Log_02.prefab using Guid(9020d2933ec6c0544965ea4b12952c42) Importer(815301076,1909f56bfc062723c751e8b465ee728b)  -> (artifact id: 'fcef4661cf34af87e852209d1add8f54') in 0.047400 seconds
  Import took 0.049225 seconds .

========================================================================
Received Import Request.
  Time since last request: 54.408408 seconds.
  path: Assets/Bonus Features 3/Prefab/Creates.prefab
  artifactKey: Guid(aa8c1d595dc1ebb42985647062567139) Importer(815301076,1909f56bfc062723c751e8b465ee728b)
Start importing Assets/Bonus Features 3/Prefab/Creates.prefab using Guid(aa8c1d595dc1ebb42985647062567139) Importer(815301076,1909f56bfc062723c751e8b465ee728b)  -> (artifact id: 'bebdd5349e800449c4867c344e063298') in 0.010656 seconds
  Import took 0.012521 seconds .

========================================================================
Received Prepare
Registering precompiled user dll's ...
Registered in 0.000448 seconds.
Begin MonoManager ReloadAssembly
Native extension for WindowsStandalone target not found
Native extension for WebGL target not found
Refreshing native plugins compatible for Editor in 0.19 ms, found 0 plugins.
Preloading 0 native plugins for Editor in 0.00 ms.
Invoked RoslynAnalysisRunner static constructor.
RoslynAnalysisRunner will not be running.
RoslynAnalysisRunner has terminated.
Mono: successfully reloaded assembly
- Completed reload, in  0.632 seconds
Platform modules already initialized, skipping
Refreshing native plugins compatible for Editor in 0.22 ms, found 0 plugins.
Preloading 0 native plugins for Editor in 0.00 ms.
Unloading 1121 Unused Serialized files (Serialized files now loaded: 0)
System memory in use before: 61.2 MB.
System memory in use after: 61.3 MB.

Unloading 4 unused Assets to reduce memory usage. Loaded Objects now: 1602.
Total: 3.697200 ms (FindLiveObjects: 0.270200 ms CreateObjectMapping: 0.091300 ms MarkObjects: 3.300900 ms  DeleteObjects: 0.032600 ms)

========================================================================
Received Prepare
Registering precompiled user dll's ...
Registered in 0.000555 seconds.
Begin MonoManager ReloadAssembly
Native extension for WindowsStandalone target not found
Native extension for WebGL target not found
Refreshing native plugins compatible for Editor in 0.19 ms, found 0 plugins.
Preloading 0 native plugins for Editor in 0.00 ms.
Invoked RoslynAnalysisRunner static constructor.
RoslynAnalysisRunner will not be running.
RoslynAnalysisRunner has terminated.
Mono: successfully reloaded assembly
- Completed reload, in  0.634 seconds
Platform modules already initialized, skipping
Refreshing native plugins compatible for Editor in 0.19 ms, found 0 plugins.
Preloading 0 native plugins for Editor in 0.00 ms.
Unloading 1121 Unused Serialized files (Serialized files now loaded: 0)
System memory in use before: 61.1 MB.
System memory in use after: 61.2 MB.

Unloading 4 unused Assets to reduce memory usage. Loaded Objects now: 1605.
Total: 1.307300 ms (FindLiveObjects: 0.124800 ms CreateObjectMapping: 0.031900 ms MarkObjects: 1.139900 ms  DeleteObjects: 0.010100 ms)

========================================================================
Received Import Request.
  Time since last request: 158.125294 seconds.
  path: Assets/Bonus Features 3/Prefab/Rock.prefab
  artifactKey: Guid(55e4fc7691b0d4342a471c3830aa69c6) Importer(815301076,1909f56bfc062723c751e8b465ee728b)
Start importing Assets/Bonus Features 3/Prefab/Rock.prefab using Guid(55e4fc7691b0d4342a471c3830aa69c6) Importer(815301076,1909f56bfc062723c751e8b465ee728b)  -> (artifact id: '40a71cabfe5cbade28215c2c5d91b7f9') in 0.045913 seconds
  Import took 0.048039 seconds .

========================================================================
Received Import Request.
  Time since last request: 0.001365 seconds.
  path: Assets/Bonus Features 3/Prefab/Rock.prefab
  artifactKey: Guid(55e4fc7691b0d4342a471c3830aa69c6) Importer(815301076,1909f56bfc062723c751e8b465ee728b)
Start importing Assets/Bonus Features 3/Prefab/Rock.prefab using Guid(55e4fc7691b0d4342a471c3830aa69c6) Importer(815301076,1909f56bfc062723c751e8b465ee728b)  -> (artifact id: '40a71cabfe5cbade28215c2c5d91b7f9') in 0.006319 seconds
  Import took 0.007950 seconds .

========================================================================
Received Prepare
Registering precompiled user dll's ...
Registered in 0.000545 seconds.
Begin MonoManager ReloadAssembly
Native extension for WindowsStandalone target not found
Native extension for WebGL target not found
Refreshing native plugins compatible for Editor in 0.19 ms, found 0 plugins.
Preloading 0 native plugins for Editor in 0.00 ms.
Invoked RoslynAnalysisRunner static constructor.
RoslynAnalysisRunner will not be running.
RoslynAnalysisRunner has terminated.
Mono: successfully reloaded assembly
- Completed reload, in  0.620 seconds
Platform modules already initialized, skipping
Refreshing native plugins compatible for Editor in 0.22 ms, found 0 plugins.
Preloading 0 native plugins for Editor in 0.00 ms.
Unloading 1121 Unused Serialized files (Serialized files now loaded: 0)
System memory in use before: 61.2 MB.
System memory in use after: 61.3 MB.

Unloading 4 unused Assets to reduce memory usage. Loaded Objects now: 1609.
Total: 1.289500 ms (FindLiveObjects: 0.119100 ms CreateObjectMapping: 0.029800 ms MarkObjects: 1.129900 ms  DeleteObjects: 0.009900 ms)

========================================================================
Received Import Request.
  Time since last request: 4.342597 seconds.
  path: Assets/Bonus Features 3/Prefab/Barrel.prefab
  artifactKey: Guid(a2bd0bacf60f4bc409346a4eeeb2d5d8) Importer(815301076,1909f56bfc062723c751e8b465ee728b)
Start importing Assets/Bonus Features 3/Prefab/Barrel.prefab using Guid(a2bd0bacf60f4bc409346a4eeeb2d5d8) Importer(815301076,1909f56bfc062723c751e8b465ee728b)  -> (artifact id: 'f099afe06bf2ec513750cbfad378d858') in 0.065641 seconds
  Import took 0.069586 seconds .

========================================================================
Received Prepare
Registering precompiled user dll's ...
Registered in 0.000605 seconds.
Begin MonoManager ReloadAssembly
Native extension for WindowsStandalone target not found
Native extension for WebGL target not found
Refreshing native plugins compatible for Editor in 0.19 ms, found 0 plugins.
Preloading 0 native plugins for Editor in 0.00 ms.
Invoked RoslynAnalysisRunner static constructor.
RoslynAnalysisRunner will not be running.
RoslynAnalysisRunner has terminated.
Mono: successfully reloaded assembly
- Completed reload, in  0.616 seconds
Platform modules already initialized, skipping
Refreshing native plugins compatible for Editor in 0.19 ms, found 0 plugins.
Preloading 0 native plugins for Editor in 0.00 ms.
Unloading 1121 Unused Serialized files (Serialized files now loaded: 0)
System memory in use before: 61.2 MB.
System memory in use after: 61.3 MB.

Unloading 4 unused Assets to reduce memory usage. Loaded Objects now: 1613.
Total: 1.277300 ms (FindLiveObjects: 0.132700 ms CreateObjectMapping: 0.028600 ms MarkObjects: 1.105200 ms  DeleteObjects: 0.010200 ms)

========================================================================
Received Import Request.
  Time since last request: 14.881991 seconds.
  path: Assets/Bonus Features 3/Prefab/Barrel.prefab
  artifactKey: Guid(a2bd0bacf60f4bc409346a4eeeb2d5d8) Importer(815301076,1909f56bfc062723c751e8b465ee728b)
Start importing Assets/Bonus Features 3/Prefab/Barrel.prefab using Guid(a2bd0bacf60f4bc409346a4eeeb2d5d8) Importer(815301076,1909f56bfc062723c751e8b465ee728b)  -> (artifact id: '6491207289a3b96add2d5e57074b615d') in 0.063013 seconds
  Import took 0.066963 seconds .

========================================================================
Received Import Request.
  Time since last request: 73.403781 seconds.
  path: Assets/Bonus Features 3/Prefab/Creates.prefab
  artifactKey: Guid(aa8c1d595dc1ebb42985647062567139) Importer(815301076,1909f56bfc062723c751e8b465ee728b)
Start importing Assets/Bonus Features 3/Prefab/Creates.prefab using Guid(aa8c1d595dc1ebb42985647062567139) Importer(815301076,1909f56bfc062723c751e8b465ee728b)  -> (artifact id: 'ec0cc67a453b6c6eef0cb5a15e8fbd3f') in 0.009370 seconds
  Import took 0.011090 seconds .

========================================================================
Received Prepare
Registering precompiled user dll's ...
Registered in 0.000609 seconds.
Begin MonoManager ReloadAssembly
Native extension for WindowsStandalone target not found
Native extension for WebGL target not found
Refreshing native plugins compatible for Editor in 0.19 ms, found 0 plugins.
Preloading 0 native plugins for Editor in 0.00 ms.
Invoked RoslynAnalysisRunner static constructor.
RoslynAnalysisRunner will not be running.
RoslynAnalysisRunner has terminated.
Mono: successfully reloaded assembly
- Completed reload, in  0.604 seconds
Platform modules already initialized, skipping
Refreshing native plugins compatible for Editor in 0.19 ms, found 0 plugins.
Preloading 0 native plugins for Editor in 0.00 ms.
Unloading 1121 Unused Serialized files (Serialized files now loaded: 0)
System memory in use before: 61.2 MB.
System memory in use after: 61.3 MB.

Unloading 4 unused Assets to reduce memory usage. Loaded Objects now: 1617.
Total: 1.343500 ms (FindLiveObjects: 0.161500 ms CreateObjectMapping: 0.032300 ms MarkObjects: 1.136300 ms  DeleteObjects: 0.012000 ms)

========================================================================
Received Prepare
Registering precompiled user dll's ...
Registered in 0.000631 seconds.
Begin MonoManager ReloadAssembly
Native extension for WindowsStandalone target not found
Native extension for WebGL target not found
Refreshing native plugins compatible for Editor in 0.20 ms, found 0 plugins.
Preloading 0 native plugins for Editor in 0.00 ms.
Invoked RoslynAnalysisRunner static constructor.
RoslynAnalysisRunner will not be running.
RoslynAnalysisRunner has terminated.
Mono: successfully reloaded assembly
- Completed reload, in  0.682 seconds
Platform modules already initialized, skipping
Refreshing native plugins compatible for Editor in 0.35 ms, found 0 plugins.
Preloading 0 native plugins for Editor in 0.00 ms.
Unloading 1121 Unused Serialized files (Serialized files now loaded: 0)
System memory in use before: 61.2 MB.
System memory in use after: 61.3 MB.

Unloading 4 unused Assets to reduce memory usage. Loaded Objects now: 1620.
Total: 1.652000 ms (FindLiveObjects: 0.149500 ms CreateObjectMapping: 0.037900 ms MarkObjects: 1.452300 ms  DeleteObjects: 0.011400 ms)

========================================================================
Received Prepare
Registering precompiled user dll's ...
Registered in 0.000559 seconds.
Begin MonoManager ReloadAssembly
Native extension for WindowsStandalone target not found
Native extension for WebGL target not found
Refreshing native plugins compatible for Editor in 0.19 ms, found 0 plugins.
Preloading 0 native plugins for Editor in 0.00 ms.
Invoked RoslynAnalysisRunner static constructor.
RoslynAnalysisRunner will not be running.
RoslynAnalysisRunner has terminated.
Mono: successfully reloaded assembly
- Completed reload, in  0.627 seconds
Platform modules already initialized, skipping
Refreshing native plugins compatible for Editor in 0.19 ms, found 0 plugins.
Preloading 0 native plugins for Editor in 0.00 ms.
Unloading 1121 Unused Serialized files (Serialized files now loaded: 0)
System memory in use before: 61.2 MB.
System memory in use after: 61.3 MB.

Unloading 4 unused Assets to reduce memory usage. Loaded Objects now: 1623.
Total: 3.558800 ms (FindLiveObjects: 0.275700 ms CreateObjectMapping: 0.090100 ms MarkObjects: 3.159900 ms  DeleteObjects: 0.030900 ms)

========================================================================
Received Prepare
Registering precompiled user dll's ...
Registered in 0.000550 seconds.
Begin MonoManager ReloadAssembly
Native extension for WindowsStandalone target not found
Native extension for WebGL target not found
Refreshing native plugins compatible for Editor in 0.19 ms, found 0 plugins.
Preloading 0 native plugins for Editor in 0.00 ms.
Invoked RoslynAnalysisRunner static constructor.
RoslynAnalysisRunner will not be running.
RoslynAnalysisRunner has terminated.
Mono: successfully reloaded assembly
- Completed reload, in  0.613 seconds
Platform modules already initialized, skipping
Refreshing native plugins compatible for Editor in 0.20 ms, found 0 plugins.
Preloading 0 native plugins for Editor in 0.00 ms.
Unloading 1121 Unused Serialized files (Serialized files now loaded: 0)
System memory in use before: 61.2 MB.
System memory in use after: 61.3 MB.

Unloading 4 unused Assets to reduce memory usage. Loaded Objects now: 1626.
Total: 4.905300 ms (FindLiveObjects: 0.389100 ms CreateObjectMapping: 0.134500 ms MarkObjects: 4.367700 ms  DeleteObjects: 0.012100 ms)

========================================================================
Received Prepare
Registering precompiled user dll's ...
Registered in 0.000598 seconds.
Begin MonoManager ReloadAssembly
Native extension for WindowsStandalone target not found
Native extension for WebGL target not found
Refreshing native plugins compatible for Editor in 0.19 ms, found 0 plugins.
Preloading 0 native plugins for Editor in 0.00 ms.
Invoked RoslynAnalysisRunner static constructor.
RoslynAnalysisRunner will not be running.
RoslynAnalysisRunner has terminated.
Mono: successfully reloaded assembly
- Completed reload, in  0.636 seconds
Platform modules already initialized, skipping
Refreshing native plugins compatible for Editor in 0.19 ms, found 0 plugins.
Preloading 0 native plugins for Editor in 0.00 ms.
Unloading 1121 Unused Serialized files (Serialized files now loaded: 0)
System memory in use before: 61.2 MB.
System memory in use after: 61.3 MB.

Unloading 4 unused Assets to reduce memory usage. Loaded Objects now: 1629.
Total: 2.764200 ms (FindLiveObjects: 0.219000 ms CreateObjectMapping: 0.069200 ms MarkObjects: 2.452000 ms  DeleteObjects: 0.022600 ms)

========================================================================
Received Prepare
Registering precompiled user dll's ...
Registered in 0.000606 seconds.
Begin MonoManager ReloadAssembly
Native extension for WindowsStandalone target not found
Native extension for WebGL target not found
Refreshing native plugins compatible for Editor in 0.20 ms, found 0 plugins.
Preloading 0 native plugins for Editor in 0.00 ms.
Invoked RoslynAnalysisRunner static constructor.
RoslynAnalysisRunner will not be running.
RoslynAnalysisRunner has terminated.
Mono: successfully reloaded assembly
- Completed reload, in  0.619 seconds
Platform modules already initialized, skipping
Refreshing native plugins compatible for Editor in 0.19 ms, found 0 plugins.
Preloading 0 native plugins for Editor in 0.00 ms.
Unloading 1121 Unused Serialized files (Serialized files now loaded: 0)
System memory in use before: 61.2 MB.
System memory in use after: 61.3 MB.

Unloading 4 unused Assets to reduce memory usage. Loaded Objects now: 1632.
Total: 3.306900 ms (FindLiveObjects: 0.291900 ms CreateObjectMapping: 0.096200 ms MarkObjects: 2.894700 ms  DeleteObjects: 0.022300 ms)

========================================================================
Received Prepare
Registering precompiled user dll's ...
Registered in 0.000528 seconds.
Begin MonoManager ReloadAssembly
Native extension for WindowsStandalone target not found
Native extension for WebGL target not found
Refreshing native plugins compatible for Editor in 0.21 ms, found 0 plugins.
Preloading 0 native plugins for Editor in 0.00 ms.
Invoked RoslynAnalysisRunner static constructor.
RoslynAnalysisRunner will not be running.
RoslynAnalysisRunner has terminated.
Mono: successfully reloaded assembly
- Completed reload, in  0.631 seconds
Platform modules already initialized, skipping
Refreshing native plugins compatible for Editor in 0.19 ms, found 0 plugins.
Preloading 0 native plugins for Editor in 0.00 ms.
Unloading 1121 Unused Serialized files (Serialized files now loaded: 0)
System memory in use before: 61.2 MB.
System memory in use after: 61.3 MB.

Unloading 4 unused Assets to reduce memory usage. Loaded Objects now: 1635.
Total: 3.242300 ms (FindLiveObjects: 0.272400 ms CreateObjectMapping: 0.089100 ms MarkObjects: 2.857000 ms  DeleteObjects: 0.021600 ms)

========================================================================
Received Prepare
Registering precompiled user dll's ...
Registered in 0.000431 seconds.
Begin MonoManager ReloadAssembly
Native extension for WindowsStandalone target not found
Native extension for WebGL target not found
Refreshing native plugins compatible for Editor in 0.19 ms, found 0 plugins.
Preloading 0 native plugins for Editor in 0.00 ms.
Invoked RoslynAnalysisRunner static constructor.
RoslynAnalysisRunner will not be running.
RoslynAnalysisRunner has terminated.
Mono: successfully reloaded assembly
- Completed reload, in  0.606 seconds
Platform modules already initialized, skipping
Refreshing native plugins compatible for Editor in 0.20 ms, found 0 plugins.
Preloading 0 native plugins for Editor in 0.00 ms.
Unloading 1121 Unused Serialized files (Serialized files now loaded: 0)
System memory in use before: 61.2 MB.
System memory in use after: 61.3 MB.

Unloading 4 unused Assets to reduce memory usage. Loaded Objects now: 1638.
Total: 1.480700 ms (FindLiveObjects: 0.200000 ms CreateObjectMapping: 0.034800 ms MarkObjects: 1.234000 ms  DeleteObjects: 0.011100 ms)

========================================================================
Received Prepare
Registering precompiled user dll's ...
Registered in 0.000536 seconds.
Begin MonoManager ReloadAssembly
Native extension for WindowsStandalone target not found
Native extension for WebGL target not found
Refreshing native plugins compatible for Editor in 0.19 ms, found 0 plugins.
Preloading 0 native plugins for Editor in 0.00 ms.
Invoked RoslynAnalysisRunner static constructor.
RoslynAnalysisRunner will not be running.
RoslynAnalysisRunner has terminated.
Mono: successfully reloaded assembly
- Completed reload, in  0.610 seconds
Platform modules already initialized, skipping
Refreshing native plugins compatible for Editor in 0.19 ms, found 0 plugins.
Preloading 0 native plugins for Editor in 0.00 ms.
Unloading 1121 Unused Serialized files (Serialized files now loaded: 0)
System memory in use before: 61.2 MB.
System memory in use after: 61.3 MB.

Unloading 4 unused Assets to reduce memory usage. Loaded Objects now: 1641.
Total: 1.420400 ms (FindLiveObjects: 0.137800 ms CreateObjectMapping: 0.034600 ms MarkObjects: 1.235800 ms  DeleteObjects: 0.011500 ms)

========================================================================
Received Prepare
Registering precompiled user dll's ...
Registered in 0.000442 seconds.
Begin MonoManager ReloadAssembly
Native extension for WindowsStandalone target not found
Native extension for WebGL target not found
Refreshing native plugins compatible for Editor in 0.19 ms, found 0 plugins.
Preloading 0 native plugins for Editor in 0.00 ms.
Invoked RoslynAnalysisRunner static constructor.
RoslynAnalysisRunner will not be running.
RoslynAnalysisRunner has terminated.
Mono: successfully reloaded assembly
- Completed reload, in  0.616 seconds
Platform modules already initialized, skipping
Refreshing native plugins compatible for Editor in 0.24 ms, found 0 plugins.
Preloading 0 native plugins for Editor in 0.00 ms.
Unloading 1121 Unused Serialized files (Serialized files now loaded: 0)
System memory in use before: 61.2 MB.
System memory in use after: 61.3 MB.

Unloading 4 unused Assets to reduce memory usage. Loaded Objects now: 1644.
Total: 1.288400 ms (FindLiveObjects: 0.128600 ms CreateObjectMapping: 0.031200 ms MarkObjects: 1.117400 ms  DeleteObjects: 0.010400 ms)

========================================================================
Received Prepare
Registering precompiled user dll's ...
Registered in 0.000538 seconds.
Begin MonoManager ReloadAssembly
Native extension for WindowsStandalone target not found
Native extension for WebGL target not found
Refreshing native plugins compatible for Editor in 0.19 ms, found 0 plugins.
Preloading 0 native plugins for Editor in 0.00 ms.
Invoked RoslynAnalysisRunner static constructor.
RoslynAnalysisRunner will not be running.
RoslynAnalysisRunner has terminated.
Mono: successfully reloaded assembly
- Completed reload, in  0.612 seconds
Platform modules already initialized, skipping
Refreshing native plugins compatible for Editor in 0.20 ms, found 0 plugins.
Preloading 0 native plugins for Editor in 0.00 ms.
Unloading 1121 Unused Serialized files (Serialized files now loaded: 0)
System memory in use before: 61.2 MB.
System memory in use after: 61.3 MB.

Unloading 4 unused Assets to reduce memory usage. Loaded Objects now: 1647.
Total: 2.320600 ms (FindLiveObjects: 0.369000 ms CreateObjectMapping: 0.084900 ms MarkObjects: 1.850900 ms  DeleteObjects: 0.013700 ms)

========================================================================
Received Prepare
Registering precompiled user dll's ...
Registered in 0.000609 seconds.
Begin MonoManager ReloadAssembly
Native extension for WindowsStandalone target not found
Native extension for WebGL target not found
Refreshing native plugins compatible for Editor in 0.20 ms, found 0 plugins.
Preloading 0 native plugins for Editor in 0.00 ms.
Invoked RoslynAnalysisRunner static constructor.
RoslynAnalysisRunner will not be running.
RoslynAnalysisRunner has terminated.
Mono: successfully reloaded assembly
- Completed reload, in  0.614 seconds
Platform modules already initialized, skipping
Refreshing native plugins compatible for Editor in 0.20 ms, found 0 plugins.
Preloading 0 native plugins for Editor in 0.00 ms.
Unloading 1121 Unused Serialized files (Serialized files now loaded: 0)
System memory in use before: 61.2 MB.
System memory in use after: 61.3 MB.

Unloading 4 unused Assets to reduce memory usage. Loaded Objects now: 1650.
Total: 1.426300 ms (FindLiveObjects: 0.140800 ms CreateObjectMapping: 0.032600 ms MarkObjects: 1.241500 ms  DeleteObjects: 0.010600 ms)

========================================================================
Received Prepare
Registering precompiled user dll's ...
Registered in 0.000504 seconds.
Begin MonoManager ReloadAssembly
Native extension for WindowsStandalone target not found
Native extension for WebGL target not found
Refreshing native plugins compatible for Editor in 0.19 ms, found 0 plugins.
Preloading 0 native plugins for Editor in 0.00 ms.
Invoked RoslynAnalysisRunner static constructor.
RoslynAnalysisRunner will not be running.
RoslynAnalysisRunner has terminated.
Mono: successfully reloaded assembly
- Completed reload, in  0.631 seconds
Platform modules already initialized, skipping
Refreshing native plugins compatible for Editor in 0.21 ms, found 0 plugins.
Preloading 0 native plugins for Editor in 0.00 ms.
Unloading 1121 Unused Serialized files (Serialized files now loaded: 0)
System memory in use before: 61.2 MB.
System memory in use after: 61.3 MB.

Unloading 4 unused Assets to reduce memory usage. Loaded Objects now: 1653.
Total: 1.998500 ms (FindLiveObjects: 0.214000 ms CreateObjectMapping: 0.049500 ms MarkObjects: 1.721100 ms  DeleteObjects: 0.012100 ms)

========================================================================
Received Prepare
Registering precompiled user dll's ...
Registered in 0.000577 seconds.
Begin MonoManager ReloadAssembly
Native extension for WindowsStandalone target not found
Native extension for WebGL target not found
Refreshing native plugins compatible for Editor in 0.19 ms, found 0 plugins.
Preloading 0 native plugins for Editor in 0.00 ms.
Invoked RoslynAnalysisRunner static constructor.
RoslynAnalysisRunner will not be running.
RoslynAnalysisRunner has terminated.
Mono: successfully reloaded assembly
- Completed reload, in  0.629 seconds
Platform modules already initialized, skipping
Refreshing native plugins compatible for Editor in 0.20 ms, found 0 plugins.
Preloading 0 native plugins for Editor in 0.00 ms.
Unloading 1121 Unused Serialized files (Serialized files now loaded: 0)
System memory in use before: 61.2 MB.
System memory in use after: 61.3 MB.

Unloading 4 unused Assets to reduce memory usage. Loaded Objects now: 1656.
Total: 1.405500 ms (FindLiveObjects: 0.144100 ms CreateObjectMapping: 0.034200 ms MarkObjects: 1.215400 ms  DeleteObjects: 0.011000 ms)

========================================================================
Received Prepare
Registering precompiled user dll's ...
Registered in 0.000579 seconds.
Begin MonoManager ReloadAssembly
Native extension for WindowsStandalone target not found
Native extension for WebGL target not found
Refreshing native plugins compatible for Editor in 0.22 ms, found 0 plugins.
Preloading 0 native plugins for Editor in 0.00 ms.
Invoked RoslynAnalysisRunner static constructor.
RoslynAnalysisRunner will not be running.
RoslynAnalysisRunner has terminated.
Mono: successfully reloaded assembly
- Completed reload, in  0.622 seconds
Platform modules already initialized, skipping
Refreshing native plugins compatible for Editor in 0.25 ms, found 0 plugins.
Preloading 0 native plugins for Editor in 0.00 ms.
Unloading 1121 Unused Serialized files (Serialized files now loaded: 0)
System memory in use before: 61.3 MB.
System memory in use after: 61.4 MB.

Unloading 4 unused Assets to reduce memory usage. Loaded Objects now: 1659.
Total: 1.533900 ms (FindLiveObjects: 0.149900 ms CreateObjectMapping: 0.036100 ms MarkObjects: 1.337300 ms  DeleteObjects: 0.009900 ms)

========================================================================
Received Prepare
Registering precompiled user dll's ...
Registered in 0.000692 seconds.
Begin MonoManager ReloadAssembly
Native extension for WindowsStandalone target not found
Native extension for WebGL target not found
Refreshing native plugins compatible for Editor in 0.19 ms, found 0 plugins.
Preloading 0 native plugins for Editor in 0.00 ms.
Invoked RoslynAnalysisRunner static constructor.
RoslynAnalysisRunner will not be running.
RoslynAnalysisRunner has terminated.
Mono: successfully reloaded assembly
- Completed reload, in  0.617 seconds
Platform modules already initialized, skipping
Refreshing native plugins compatible for Editor in 0.23 ms, found 0 plugins.
Preloading 0 native plugins for Editor in 0.00 ms.
Unloading 1121 Unused Serialized files (Serialized files now loaded: 0)
System memory in use before: 61.3 MB.
System memory in use after: 61.4 MB.

Unloading 4 unused Assets to reduce memory usage. Loaded Objects now: 1662.
Total: 2.802300 ms (FindLiveObjects: 0.234500 ms CreateObjectMapping: 0.072300 ms MarkObjects: 2.470000 ms  DeleteObjects: 0.023900 ms)

========================================================================
Received Prepare
Registering precompiled user dll's ...
Registered in 0.000442 seconds.
Begin MonoManager ReloadAssembly
Native extension for WindowsStandalone target not found
Native extension for WebGL target not found
Refreshing native plugins compatible for Editor in 0.20 ms, found 0 plugins.
Preloading 0 native plugins for Editor in 0.00 ms.
Invoked RoslynAnalysisRunner static constructor.
RoslynAnalysisRunner will not be running.
RoslynAnalysisRunner has terminated.
Mono: successfully reloaded assembly
- Completed reload, in  0.624 seconds
Platform modules already initialized, skipping
Refreshing native plugins compatible for Editor in 0.30 ms, found 0 plugins.
Preloading 0 native plugins for Editor in 0.00 ms.
Unloading 1121 Unused Serialized files (Serialized files now loaded: 0)
System memory in use before: 61.3 MB.
System memory in use after: 61.4 MB.

Unloading 4 unused Assets to reduce memory usage. Loaded Objects now: 1665.
Total: 1.637300 ms (FindLiveObjects: 0.198500 ms CreateObjectMapping: 0.039700 ms MarkObjects: 1.387700 ms  DeleteObjects: 0.010500 ms)

========================================================================
Received Prepare
Registering precompiled user dll's ...
Registered in 0.000462 seconds.
Begin MonoManager ReloadAssembly
Native extension for WindowsStandalone target not found
Native extension for WebGL target not found
Refreshing native plugins compatible for Editor in 0.19 ms, found 0 plugins.
Preloading 0 native plugins for Editor in 0.00 ms.
Invoked RoslynAnalysisRunner static constructor.
RoslynAnalysisRunner will not be running.
RoslynAnalysisRunner has terminated.
Mono: successfully reloaded assembly
- Completed reload, in  0.613 seconds
Platform modules already initialized, skipping
Refreshing native plugins compatible for Editor in 0.19 ms, found 0 plugins.
Preloading 0 native plugins for Editor in 0.00 ms.
Unloading 1121 Unused Serialized files (Serialized files now loaded: 0)
System memory in use before: 61.2 MB.
System memory in use after: 61.3 MB.

Unloading 4 unused Assets to reduce memory usage. Loaded Objects now: 1668.
Total: 3.576700 ms (FindLiveObjects: 0.275400 ms CreateObjectMapping: 0.090400 ms MarkObjects: 3.180500 ms  DeleteObjects: 0.028400 ms)

========================================================================
Received Prepare
Registering precompiled user dll's ...
Registered in 0.000531 seconds.
Begin MonoManager ReloadAssembly
Native extension for WindowsStandalone target not found
Native extension for WebGL target not found
Refreshing native plugins compatible for Editor in 0.20 ms, found 0 plugins.
Preloading 0 native plugins for Editor in 0.00 ms.
Invoked RoslynAnalysisRunner static constructor.
RoslynAnalysisRunner will not be running.
RoslynAnalysisRunner has terminated.
Mono: successfully reloaded assembly
- Completed reload, in  0.616 seconds
Platform modules already initialized, skipping
Refreshing native plugins compatible for Editor in 0.19 ms, found 0 plugins.
Preloading 0 native plugins for Editor in 0.00 ms.
Unloading 1121 Unused Serialized files (Serialized files now loaded: 0)
System memory in use before: 61.2 MB.
System memory in use after: 61.3 MB.

Unloading 4 unused Assets to reduce memory usage. Loaded Objects now: 1671.
Total: 1.685200 ms (FindLiveObjects: 0.191100 ms CreateObjectMapping: 0.041900 ms MarkObjects: 1.439600 ms  DeleteObjects: 0.011600 ms)

========================================================================
Received Prepare
Registering precompiled user dll's ...
Registered in 0.000543 seconds.
Begin MonoManager ReloadAssembly
Native extension for WindowsStandalone target not found
Native extension for WebGL target not found
Refreshing native plugins compatible for Editor in 0.22 ms, found 0 plugins.
Preloading 0 native plugins for Editor in 0.00 ms.
Invoked RoslynAnalysisRunner static constructor.
RoslynAnalysisRunner will not be running.
RoslynAnalysisRunner has terminated.
Mono: successfully reloaded assembly
- Completed reload, in  0.628 seconds
Platform modules already initialized, skipping
Refreshing native plugins compatible for Editor in 0.22 ms, found 0 plugins.
Preloading 0 native plugins for Editor in 0.00 ms.
Unloading 1121 Unused Serialized files (Serialized files now loaded: 0)
System memory in use before: 61.2 MB.
System memory in use after: 61.3 MB.

Unloading 4 unused Assets to reduce memory usage. Loaded Objects now: 1674.
Total: 1.427500 ms (FindLiveObjects: 0.134700 ms CreateObjectMapping: 0.032500 ms MarkObjects: 1.248500 ms  DeleteObjects: 0.011000 ms)

========================================================================
Received Prepare
Registering precompiled user dll's ...
Registered in 0.000568 seconds.
Begin MonoManager ReloadAssembly
Native extension for WindowsStandalone target not found
Native extension for WebGL target not found
Refreshing native plugins compatible for Editor in 0.20 ms, found 0 plugins.
Preloading 0 native plugins for Editor in 0.00 ms.
Invoked RoslynAnalysisRunner static constructor.
RoslynAnalysisRunner will not be running.
RoslynAnalysisRunner has terminated.
Mono: successfully reloaded assembly
- Completed reload, in  0.627 seconds
Platform modules already initialized, skipping
Refreshing native plugins compatible for Editor in 0.21 ms, found 0 plugins.
Preloading 0 native plugins for Editor in 0.00 ms.
Unloading 1121 Unused Serialized files (Serialized files now loaded: 0)
System memory in use before: 61.2 MB.
System memory in use after: 61.3 MB.

Unloading 4 unused Assets to reduce memory usage. Loaded Objects now: 1677.
Total: 1.483000 ms (FindLiveObjects: 0.154700 ms CreateObjectMapping: 0.038300 ms MarkObjects: 1.278000 ms  DeleteObjects: 0.011300 ms)

========================================================================
Received Prepare
Registering precompiled user dll's ...
Registered in 0.000672 seconds.
Begin MonoManager ReloadAssembly
Native extension for WindowsStandalone target not found
Native extension for WebGL target not found
Refreshing native plugins compatible for Editor in 0.38 ms, found 0 plugins.
Preloading 0 native plugins for Editor in 0.00 ms.
Invoked RoslynAnalysisRunner static constructor.
RoslynAnalysisRunner will not be running.
RoslynAnalysisRunner has terminated.
Mono: successfully reloaded assembly
- Completed reload, in  0.633 seconds
Platform modules already initialized, skipping
Refreshing native plugins compatible for Editor in 0.19 ms, found 0 plugins.
Preloading 0 native plugins for Editor in 0.00 ms.
Unloading 1121 Unused Serialized files (Serialized files now loaded: 0)
System memory in use before: 61.2 MB.
System memory in use after: 61.3 MB.

Unloading 4 unused Assets to reduce memory usage. Loaded Objects now: 1680.
Total: 1.387300 ms (FindLiveObjects: 0.126200 ms CreateObjectMapping: 0.031900 ms MarkObjects: 1.217500 ms  DeleteObjects: 0.011100 ms)

========================================================================
Received Prepare
Registering precompiled user dll's ...
Registered in 0.000574 seconds.
Begin MonoManager ReloadAssembly
Native extension for WindowsStandalone target not found
Native extension for WebGL target not found
Refreshing native plugins compatible for Editor in 0.20 ms, found 0 plugins.
Preloading 0 native plugins for Editor in 0.00 ms.
Invoked RoslynAnalysisRunner static constructor.
RoslynAnalysisRunner will not be running.
RoslynAnalysisRunner has terminated.
Mono: successfully reloaded assembly
- Completed reload, in  0.618 seconds
Platform modules already initialized, skipping
Refreshing native plugins compatible for Editor in 0.21 ms, found 0 plugins.
Preloading 0 native plugins for Editor in 0.00 ms.
Unloading 1121 Unused Serialized files (Serialized files now loaded: 0)
System memory in use before: 61.2 MB.
System memory in use after: 61.3 MB.

Unloading 4 unused Assets to reduce memory usage. Loaded Objects now: 1683.
Total: 1.532500 ms (FindLiveObjects: 0.173800 ms CreateObjectMapping: 0.038700 ms MarkObjects: 1.308500 ms  DeleteObjects: 0.010800 ms)

========================================================================
Received Prepare
Registering precompiled user dll's ...
Registered in 0.000496 seconds.
Begin MonoManager ReloadAssembly
Native extension for WindowsStandalone target not found
Native extension for WebGL target not found
Refreshing native plugins compatible for Editor in 0.20 ms, found 0 plugins.
Preloading 0 native plugins for Editor in 0.00 ms.
Invoked RoslynAnalysisRunner static constructor.
RoslynAnalysisRunner will not be running.
RoslynAnalysisRunner has terminated.
Mono: successfully reloaded assembly
- Completed reload, in  0.609 seconds
Platform modules already initialized, skipping
Refreshing native plugins compatible for Editor in 0.19 ms, found 0 plugins.
Preloading 0 native plugins for Editor in 0.00 ms.
Unloading 1121 Unused Serialized files (Serialized files now loaded: 0)
System memory in use before: 61.3 MB.
System memory in use after: 61.4 MB.

Unloading 4 unused Assets to reduce memory usage. Loaded Objects now: 1686.
Total: 3.428800 ms (FindLiveObjects: 0.290400 ms CreateObjectMapping: 0.096900 ms MarkObjects: 3.016600 ms  DeleteObjects: 0.022700 ms)

========================================================================
Received Prepare
Registering precompiled user dll's ...
Registered in 0.000536 seconds.
Begin MonoManager ReloadAssembly
Native extension for WindowsStandalone target not found
Native extension for WebGL target not found
Refreshing native plugins compatible for Editor in 0.21 ms, found 0 plugins.
Preloading 0 native plugins for Editor in 0.00 ms.
Invoked RoslynAnalysisRunner static constructor.
RoslynAnalysisRunner will not be running.
RoslynAnalysisRunner has terminated.
Mono: successfully reloaded assembly
- Completed reload, in  0.620 seconds
Platform modules already initialized, skipping
Refreshing native plugins compatible for Editor in 0.20 ms, found 0 plugins.
Preloading 0 native plugins for Editor in 0.00 ms.
Unloading 1121 Unused Serialized files (Serialized files now loaded: 0)
System memory in use before: 61.3 MB.
System memory in use after: 61.4 MB.

Unloading 4 unused Assets to reduce memory usage. Loaded Objects now: 1689.
Total: 3.726400 ms (FindLiveObjects: 0.324000 ms CreateObjectMapping: 0.098000 ms MarkObjects: 3.278400 ms  DeleteObjects: 0.023900 ms)

========================================================================
Received Prepare
Registering precompiled user dll's ...
Registered in 0.000522 seconds.
Begin MonoManager ReloadAssembly
Native extension for WindowsStandalone target not found
Native extension for WebGL target not found
Refreshing native plugins compatible for Editor in 0.20 ms, found 0 plugins.
Preloading 0 native plugins for Editor in 0.00 ms.
Invoked RoslynAnalysisRunner static constructor.
RoslynAnalysisRunner will not be running.
RoslynAnalysisRunner has terminated.
Mono: successfully reloaded assembly
- Completed reload, in  0.610 seconds
Platform modules already initialized, skipping
Refreshing native plugins compatible for Editor in 0.19 ms, found 0 plugins.
Preloading 0 native plugins for Editor in 0.00 ms.
Unloading 1121 Unused Serialized files (Serialized files now loaded: 0)
System memory in use before: 61.3 MB.
System memory in use after: 61.4 MB.

Unloading 4 unused Assets to reduce memory usage. Loaded Objects now: 1692.
Total: 1.428300 ms (FindLiveObjects: 0.127700 ms CreateObjectMapping: 0.030700 ms MarkObjects: 1.259200 ms  DeleteObjects: 0.010100 ms)

========================================================================
Received Prepare
Registering precompiled user dll's ...
Registered in 0.000540 seconds.
Begin MonoManager ReloadAssembly
Native extension for WindowsStandalone target not found
Native extension for WebGL target not found
Refreshing native plugins compatible for Editor in 0.19 ms, found 0 plugins.
Preloading 0 native plugins for Editor in 0.00 ms.
Invoked RoslynAnalysisRunner static constructor.
RoslynAnalysisRunner will not be running.
RoslynAnalysisRunner has terminated.
Mono: successfully reloaded assembly
- Completed reload, in  0.631 seconds
Platform modules already initialized, skipping
Refreshing native plugins compatible for Editor in 0.24 ms, found 0 plugins.
Preloading 0 native plugins for Editor in 0.00 ms.
Unloading 1121 Unused Serialized files (Serialized files now loaded: 0)
System memory in use before: 61.3 MB.
System memory in use after: 61.4 MB.

Unloading 4 unused Assets to reduce memory usage. Loaded Objects now: 1695.
Total: 1.481000 ms (FindLiveObjects: 0.150500 ms CreateObjectMapping: 0.034100 ms MarkObjects: 1.284700 ms  DeleteObjects: 0.010900 ms)

========================================================================
Received Prepare
Registering precompiled user dll's ...
Registered in 0.000668 seconds.
Begin MonoManager ReloadAssembly
Native extension for WindowsStandalone target not found
Native extension for WebGL target not found
Refreshing native plugins compatible for Editor in 0.26 ms, found 0 plugins.
Preloading 0 native plugins for Editor in 0.00 ms.
Invoked RoslynAnalysisRunner static constructor.
RoslynAnalysisRunner will not be running.
RoslynAnalysisRunner has terminated.
Mono: successfully reloaded assembly
- Completed reload, in  0.642 seconds
Platform modules already initialized, skipping
Refreshing native plugins compatible for Editor in 0.19 ms, found 0 plugins.
Preloading 0 native plugins for Editor in 0.00 ms.
Unloading 1121 Unused Serialized files (Serialized files now loaded: 0)
System memory in use before: 61.3 MB.
System memory in use after: 61.4 MB.

Unloading 4 unused Assets to reduce memory usage. Loaded Objects now: 1698.
Total: 5.094700 ms (FindLiveObjects: 0.390100 ms CreateObjectMapping: 0.126900 ms MarkObjects: 4.534800 ms  DeleteObjects: 0.040200 ms)

========================================================================
Received Prepare
Registering precompiled user dll's ...
Registered in 0.000462 seconds.
Begin MonoManager ReloadAssembly
Native extension for WindowsStandalone target not found
Native extension for WebGL target not found
Refreshing native plugins compatible for Editor in 0.29 ms, found 0 plugins.
Preloading 0 native plugins for Editor in 0.00 ms.
Invoked RoslynAnalysisRunner static constructor.
RoslynAnalysisRunner will not be running.
RoslynAnalysisRunner has terminated.
Mono: successfully reloaded assembly
- Completed reload, in  0.623 seconds
Platform modules already initialized, skipping
Refreshing native plugins compatible for Editor in 0.19 ms, found 0 plugins.
Preloading 0 native plugins for Editor in 0.00 ms.
Unloading 1121 Unused Serialized files (Serialized files now loaded: 0)
System memory in use before: 61.3 MB.
System memory in use after: 61.4 MB.

Unloading 4 unused Assets to reduce memory usage. Loaded Objects now: 1701.
Total: 5.137400 ms (FindLiveObjects: 0.376400 ms CreateObjectMapping: 0.126100 ms MarkObjects: 4.588200 ms  DeleteObjects: 0.044100 ms)

========================================================================
Received Prepare
Registering precompiled user dll's ...
Registered in 0.000537 seconds.
Begin MonoManager ReloadAssembly
Native extension for WindowsStandalone target not found
Native extension for WebGL target not found
Refreshing native plugins compatible for Editor in 0.19 ms, found 0 plugins.
Preloading 0 native plugins for Editor in 0.00 ms.
Invoked RoslynAnalysisRunner static constructor.
RoslynAnalysisRunner will not be running.
RoslynAnalysisRunner has terminated.
Mono: successfully reloaded assembly
- Completed reload, in  0.626 seconds
Platform modules already initialized, skipping
Refreshing native plugins compatible for Editor in 0.19 ms, found 0 plugins.
Preloading 0 native plugins for Editor in 0.00 ms.
Unloading 1121 Unused Serialized files (Serialized files now loaded: 0)
System memory in use before: 61.3 MB.
System memory in use after: 61.4 MB.

Unloading 4 unused Assets to reduce memory usage. Loaded Objects now: 1704.
Total: 3.636200 ms (FindLiveObjects: 0.293800 ms CreateObjectMapping: 0.090400 ms MarkObjects: 3.215100 ms  DeleteObjects: 0.034500 ms)

========================================================================
Received Prepare
Registering precompiled user dll's ...
Registered in 0.000513 seconds.
Begin MonoManager ReloadAssembly
Native extension for WindowsStandalone target not found
Native extension for WebGL target not found
Refreshing native plugins compatible for Editor in 0.33 ms, found 0 plugins.
Preloading 0 native plugins for Editor in 0.00 ms.
Invoked RoslynAnalysisRunner static constructor.
RoslynAnalysisRunner will not be running.
RoslynAnalysisRunner has terminated.
Mono: successfully reloaded assembly
- Completed reload, in  0.630 seconds
Platform modules already initialized, skipping
Refreshing native plugins compatible for Editor in 0.19 ms, found 0 plugins.
Preloading 0 native plugins for Editor in 0.00 ms.
Unloading 1121 Unused Serialized files (Serialized files now loaded: 0)
System memory in use before: 61.3 MB.
System memory in use after: 61.4 MB.

Unloading 4 unused Assets to reduce memory usage. Loaded Objects now: 1707.
Total: 1.956100 ms (FindLiveObjects: 0.213400 ms CreateObjectMapping: 0.049100 ms MarkObjects: 1.677300 ms  DeleteObjects: 0.014500 ms)

========================================================================
Received Prepare
Registering precompiled user dll's ...
Registered in 0.000457 seconds.
Begin MonoManager ReloadAssembly
Native extension for WindowsStandalone target not found
Native extension for WebGL target not found
Refreshing native plugins compatible for Editor in 0.23 ms, found 0 plugins.
Preloading 0 native plugins for Editor in 0.00 ms.
Invoked RoslynAnalysisRunner static constructor.
RoslynAnalysisRunner will not be running.
RoslynAnalysisRunner has terminated.
Mono: successfully reloaded assembly
- Completed reload, in  0.613 seconds
Platform modules already initialized, skipping
Refreshing native plugins compatible for Editor in 0.21 ms, found 0 plugins.
Preloading 0 native plugins for Editor in 0.00 ms.
Unloading 1121 Unused Serialized files (Serialized files now loaded: 0)
System memory in use before: 61.3 MB.
System memory in use after: 61.4 MB.

Unloading 4 unused Assets to reduce memory usage. Loaded Objects now: 1710.
Total: 1.519400 ms (FindLiveObjects: 0.134400 ms CreateObjectMapping: 0.031700 ms MarkObjects: 1.338900 ms  DeleteObjects: 0.013700 ms)

========================================================================
Received Prepare
Registering precompiled user dll's ...
Registered in 0.000524 seconds.
Begin MonoManager ReloadAssembly
Native extension for WindowsStandalone target not found
Native extension for WebGL target not found
Refreshing native plugins compatible for Editor in 0.20 ms, found 0 plugins.
Preloading 0 native plugins for Editor in 0.00 ms.
Invoked RoslynAnalysisRunner static constructor.
RoslynAnalysisRunner will not be running.
RoslynAnalysisRunner has terminated.
Mono: successfully reloaded assembly
- Completed reload, in  0.644 seconds
Platform modules already initialized, skipping
Refreshing native plugins compatible for Editor in 0.19 ms, found 0 plugins.
Preloading 0 native plugins for Editor in 0.00 ms.
Unloading 1121 Unused Serialized files (Serialized files now loaded: 0)
System memory in use before: 61.3 MB.
System memory in use after: 61.4 MB.

Unloading 4 unused Assets to reduce memory usage. Loaded Objects now: 1713.
Total: 1.831000 ms (FindLiveObjects: 0.181800 ms CreateObjectMapping: 0.045100 ms MarkObjects: 1.589900 ms  DeleteObjects: 0.012600 ms)

========================================================================
Received Prepare
Registering precompiled user dll's ...
Registered in 0.000459 seconds.
Begin MonoManager ReloadAssembly
Native extension for WindowsStandalone target not found
Native extension for WebGL target not found
Refreshing native plugins compatible for Editor in 0.19 ms, found 0 plugins.
Preloading 0 native plugins for Editor in 0.00 ms.
Invoked RoslynAnalysisRunner static constructor.
RoslynAnalysisRunner will not be running.
RoslynAnalysisRunner has terminated.
Mono: successfully reloaded assembly
- Completed reload, in  0.605 seconds
Platform modules already initialized, skipping
Refreshing native plugins compatible for Editor in 0.20 ms, found 0 plugins.
Preloading 0 native plugins for Editor in 0.00 ms.
Unloading 1121 Unused Serialized files (Serialized files now loaded: 0)
System memory in use before: 61.3 MB.
System memory in use after: 61.4 MB.

Unloading 4 unused Assets to reduce memory usage. Loaded Objects now: 1716.
Total: 1.561300 ms (FindLiveObjects: 0.117500 ms CreateObjectMapping: 0.029800 ms MarkObjects: 1.400800 ms  DeleteObjects: 0.012500 ms)

========================================================================
Received Prepare
Registering precompiled user dll's ...
Registered in 0.000633 seconds.
Begin MonoManager ReloadAssembly
Native extension for WindowsStandalone target not found
Native extension for WebGL target not found
Refreshing native plugins compatible for Editor in 0.19 ms, found 0 plugins.
Preloading 0 native plugins for Editor in 0.00 ms.
Invoked RoslynAnalysisRunner static constructor.
RoslynAnalysisRunner will not be running.
RoslynAnalysisRunner has terminated.
Mono: successfully reloaded assembly
- Completed reload, in  0.603 seconds
Platform modules already initialized, skipping
Refreshing native plugins compatible for Editor in 0.20 ms, found 0 plugins.
Preloading 0 native plugins for Editor in 0.00 ms.
Unloading 1121 Unused Serialized files (Serialized files now loaded: 0)
System memory in use before: 61.3 MB.
System memory in use after: 61.4 MB.

Unloading 4 unused Assets to reduce memory usage. Loaded Objects now: 1719.
Total: 5.395100 ms (FindLiveObjects: 0.445400 ms CreateObjectMapping: 0.140700 ms MarkObjects: 4.759600 ms  DeleteObjects: 0.046300 ms)

========================================================================
Received Prepare
Registering precompiled user dll's ...
Registered in 0.000549 seconds.
Begin MonoManager ReloadAssembly
Native extension for WindowsStandalone target not found
Native extension for WebGL target not found
Refreshing native plugins compatible for Editor in 0.20 ms, found 0 plugins.
Preloading 0 native plugins for Editor in 0.00 ms.
Invoked RoslynAnalysisRunner static constructor.
RoslynAnalysisRunner will not be running.
RoslynAnalysisRunner has terminated.
Mono: successfully reloaded assembly
- Completed reload, in  0.626 seconds
Platform modules already initialized, skipping
Refreshing native plugins compatible for Editor in 0.24 ms, found 0 plugins.
Preloading 0 native plugins for Editor in 0.00 ms.
Unloading 1121 Unused Serialized files (Serialized files now loaded: 0)
System memory in use before: 61.3 MB.
System memory in use after: 61.4 MB.

Unloading 4 unused Assets to reduce memory usage. Loaded Objects now: 1722.
Total: 1.433200 ms (FindLiveObjects: 0.129400 ms CreateObjectMapping: 0.030800 ms MarkObjects: 1.262000 ms  DeleteObjects: 0.010300 ms)

========================================================================
Received Prepare
Registering precompiled user dll's ...
Registered in 0.000481 seconds.
Begin MonoManager ReloadAssembly
Native extension for WindowsStandalone target not found
Native extension for WebGL target not found
Refreshing native plugins compatible for Editor in 0.19 ms, found 0 plugins.
Preloading 0 native plugins for Editor in 0.00 ms.
Invoked RoslynAnalysisRunner static constructor.
RoslynAnalysisRunner will not be running.
RoslynAnalysisRunner has terminated.
Mono: successfully reloaded assembly
- Completed reload, in  0.614 seconds
Platform modules already initialized, skipping
Refreshing native plugins compatible for Editor in 0.19 ms, found 0 plugins.
Preloading 0 native plugins for Editor in 0.00 ms.
Unloading 1121 Unused Serialized files (Serialized files now loaded: 0)
System memory in use before: 61.3 MB.
System memory in use after: 61.4 MB.

Unloading 4 unused Assets to reduce memory usage. Loaded Objects now: 1725.
Total: 1.600200 ms (FindLiveObjects: 0.254100 ms CreateObjectMapping: 0.044300 ms MarkObjects: 1.290100 ms  DeleteObjects: 0.010700 ms)

========================================================================
Received Prepare
Registering precompiled user dll's ...
Registered in 0.000565 seconds.
Begin MonoManager ReloadAssembly
Native extension for WindowsStandalone target not found
Native extension for WebGL target not found
Refreshing native plugins compatible for Editor in 0.22 ms, found 0 plugins.
Preloading 0 native plugins for Editor in 0.00 ms.
Invoked RoslynAnalysisRunner static constructor.
RoslynAnalysisRunner will not be running.
RoslynAnalysisRunner has terminated.
Mono: successfully reloaded assembly
- Completed reload, in  0.627 seconds
Platform modules already initialized, skipping
Refreshing native plugins compatible for Editor in 0.20 ms, found 0 plugins.
Preloading 0 native plugins for Editor in 0.00 ms.
Unloading 1121 Unused Serialized files (Serialized files now loaded: 0)
System memory in use before: 61.3 MB.
System memory in use after: 61.4 MB.

Unloading 4 unused Assets to reduce memory usage. Loaded Objects now: 1728.
Total: 1.646200 ms (FindLiveObjects: 0.200000 ms CreateObjectMapping: 0.040900 ms MarkObjects: 1.389200 ms  DeleteObjects: 0.015400 ms)

========================================================================
Received Prepare
Registering precompiled user dll's ...
Registered in 0.000444 seconds.
Begin MonoManager ReloadAssembly
Native extension for WindowsStandalone target not found
Native extension for WebGL target not found
Refreshing native plugins compatible for Editor in 0.19 ms, found 0 plugins.
Preloading 0 native plugins for Editor in 0.00 ms.
Invoked RoslynAnalysisRunner static constructor.
RoslynAnalysisRunner will not be running.
RoslynAnalysisRunner has terminated.
Mono: successfully reloaded assembly
- Completed reload, in  0.591 seconds
Platform modules already initialized, skipping
Refreshing native plugins compatible for Editor in 0.21 ms, found 0 plugins.
Preloading 0 native plugins for Editor in 0.00 ms.
Unloading 1121 Unused Serialized files (Serialized files now loaded: 0)
System memory in use before: 61.3 MB.
System memory in use after: 61.4 MB.

Unloading 4 unused Assets to reduce memory usage. Loaded Objects now: 1731.
Total: 5.135500 ms (FindLiveObjects: 0.393800 ms CreateObjectMapping: 0.134000 ms MarkObjects: 4.559900 ms  DeleteObjects: 0.045300 ms)

========================================================================
Received Prepare
Registering precompiled user dll's ...
Registered in 0.000504 seconds.
Begin MonoManager ReloadAssembly
Native extension for WindowsStandalone target not found
Native extension for WebGL target not found
Refreshing native plugins compatible for Editor in 0.19 ms, found 0 plugins.
Preloading 0 native plugins for Editor in 0.00 ms.
Invoked RoslynAnalysisRunner static constructor.
RoslynAnalysisRunner will not be running.
RoslynAnalysisRunner has terminated.
Mono: successfully reloaded assembly
- Completed reload, in  0.613 seconds
Platform modules already initialized, skipping
Refreshing native plugins compatible for Editor in 0.19 ms, found 0 plugins.
Preloading 0 native plugins for Editor in 0.00 ms.
Unloading 1121 Unused Serialized files (Serialized files now loaded: 0)
System memory in use before: 61.3 MB.
System memory in use after: 61.4 MB.

Unloading 4 unused Assets to reduce memory usage. Loaded Objects now: 1734.
Total: 1.425500 ms (FindLiveObjects: 0.131400 ms CreateObjectMapping: 0.030200 ms MarkObjects: 1.253200 ms  DeleteObjects: 0.010100 ms)

========================================================================
Received Prepare
Registering precompiled user dll's ...
Registered in 0.000550 seconds.
Begin MonoManager ReloadAssembly
Native extension for WindowsStandalone target not found
Native extension for WebGL target not found
Refreshing native plugins compatible for Editor in 0.19 ms, found 0 plugins.
Preloading 0 native plugins for Editor in 0.00 ms.
Invoked RoslynAnalysisRunner static constructor.
RoslynAnalysisRunner will not be running.
RoslynAnalysisRunner has terminated.
Mono: successfully reloaded assembly
- Completed reload, in  0.637 seconds
Platform modules already initialized, skipping
Refreshing native plugins compatible for Editor in 0.19 ms, found 0 plugins.
Preloading 0 native plugins for Editor in 0.00 ms.
Unloading 1121 Unused Serialized files (Serialized files now loaded: 0)
System memory in use before: 61.3 MB.
System memory in use after: 61.5 MB.

Unloading 4 unused Assets to reduce memory usage. Loaded Objects now: 1737.
Total: 1.596000 ms (FindLiveObjects: 0.186000 ms CreateObjectMapping: 0.045400 ms MarkObjects: 1.353500 ms  DeleteObjects: 0.010400 ms)

========================================================================
Received Prepare
Registering precompiled user dll's ...
Registered in 0.000620 seconds.
Begin MonoManager ReloadAssembly
Native extension for WindowsStandalone target not found
Native extension for WebGL target not found
Refreshing native plugins compatible for Editor in 0.19 ms, found 0 plugins.
Preloading 0 native plugins for Editor in 0.00 ms.
Invoked RoslynAnalysisRunner static constructor.
RoslynAnalysisRunner will not be running.
RoslynAnalysisRunner has terminated.
Mono: successfully reloaded assembly
- Completed reload, in  0.610 seconds
Platform modules already initialized, skipping
Refreshing native plugins compatible for Editor in 0.19 ms, found 0 plugins.
Preloading 0 native plugins for Editor in 0.00 ms.
Unloading 1121 Unused Serialized files (Serialized files now loaded: 0)
System memory in use before: 61.4 MB.
System memory in use after: 61.5 MB.

Unloading 4 unused Assets to reduce memory usage. Loaded Objects now: 1740.
Total: 3.705900 ms (FindLiveObjects: 0.302000 ms CreateObjectMapping: 0.094200 ms MarkObjects: 3.275600 ms  DeleteObjects: 0.032100 ms)

========================================================================
Received Import Request.
  Time since last request: 2856.358709 seconds.
  path: Assets/Bonus Features 3/Scripts/GameManager.cs
  artifactKey: Guid(4771c73d7aab3304585ef2d341c067c1) Importer(815301076,1909f56bfc062723c751e8b465ee728b)
Start importing Assets/Bonus Features 3/Scripts/GameManager.cs using Guid(4771c73d7aab3304585ef2d341c067c1) Importer(815301076,1909f56bfc062723c751e8b465ee728b)  -> (artifact id: 'c6948b2a7e87b45bb370eb77e2e7f6c4') in 0.004439 seconds
  Import took 0.006346 seconds .

========================================================================
Received Prepare
Registering precompiled user dll's ...
Registered in 0.000455 seconds.
Begin MonoManager ReloadAssembly
Native extension for WindowsStandalone target not found
Native extension for WebGL target not found
Refreshing native plugins compatible for Editor in 0.20 ms, found 0 plugins.
Preloading 0 native plugins for Editor in 0.00 ms.
Invoked RoslynAnalysisRunner static constructor.
RoslynAnalysisRunner will not be running.
RoslynAnalysisRunner has terminated.
Mono: successfully reloaded assembly
- Completed reload, in  0.657 seconds
Platform modules already initialized, skipping
Refreshing native plugins compatible for Editor in 0.20 ms, found 0 plugins.
Preloading 0 native plugins for Editor in 0.00 ms.
Unloading 1122 Unused Serialized files (Serialized files now loaded: 0)
System memory in use before: 61.4 MB.
System memory in use after: 61.5 MB.

Unloading 4 unused Assets to reduce memory usage. Loaded Objects now: 1744.
Total: 3.693000 ms (FindLiveObjects: 0.310800 ms CreateObjectMapping: 0.096600 ms MarkObjects: 3.254900 ms  DeleteObjects: 0.028600 ms)

========================================================================
Received Prepare
Registering precompiled user dll's ...
Registered in 0.000629 seconds.
Begin MonoManager ReloadAssembly
Native extension for WindowsStandalone target not found
Native extension for WebGL target not found
Refreshing native plugins compatible for Editor in 0.20 ms, found 0 plugins.
Preloading 0 native plugins for Editor in 0.00 ms.
Invoked RoslynAnalysisRunner static constructor.
RoslynAnalysisRunner will not be running.
RoslynAnalysisRunner has terminated.
Mono: successfully reloaded assembly
- Completed reload, in  0.618 seconds
Platform modules already initialized, skipping
Refreshing native plugins compatible for Editor in 0.23 ms, found 0 plugins.
Preloading 0 native plugins for Editor in 0.00 ms.
Unloading 1122 Unused Serialized files (Serialized files now loaded: 0)
System memory in use before: 61.4 MB.
System memory in use after: 61.5 MB.

Unloading 4 unused Assets to reduce memory usage. Loaded Objects now: 1747.
Total: 1.527300 ms (FindLiveObjects: 0.227800 ms CreateObjectMapping: 0.037100 ms MarkObjects: 1.250900 ms  DeleteObjects: 0.010700 ms)

========================================================================
Received Import Request.
  Time since last request: 59.151423 seconds.
  path: Assets/Bonus Features 3/Scripts/GameManager.cs
  artifactKey: Guid(4771c73d7aab3304585ef2d341c067c1) Importer(815301076,1909f56bfc062723c751e8b465ee728b)
Start importing Assets/Bonus Features 3/Scripts/GameManager.cs using Guid(4771c73d7aab3304585ef2d341c067c1) Importer(815301076,1909f56bfc062723c751e8b465ee728b)  -> (artifact id: 'b5b82cc2844db1094e7bc56fe84e5ee6') in 0.012317 seconds
  Import took 0.017705 seconds .

========================================================================
Received Prepare
Registering precompiled user dll's ...
Registered in 0.000472 seconds.
Begin MonoManager ReloadAssembly
Native extension for WindowsStandalone target not found
Native extension for WebGL target not found
Refreshing native plugins compatible for Editor in 0.21 ms, found 0 plugins.
Preloading 0 native plugins for Editor in 0.00 ms.
Invoked RoslynAnalysisRunner static constructor.
RoslynAnalysisRunner will not be running.
RoslynAnalysisRunner has terminated.
Mono: successfully reloaded assembly
- Completed reload, in  0.614 seconds
Platform modules already initialized, skipping
Refreshing native plugins compatible for Editor in 0.19 ms, found 0 plugins.
Preloading 0 native plugins for Editor in 0.00 ms.
Unloading 1122 Unused Serialized files (Serialized files now loaded: 0)
System memory in use before: 61.4 MB.
System memory in use after: 61.5 MB.

Unloading 4 unused Assets to reduce memory usage. Loaded Objects now: 1750.
Total: 3.713900 ms (FindLiveObjects: 0.296200 ms CreateObjectMapping: 0.095700 ms MarkObjects: 3.291300 ms  DeleteObjects: 0.028800 ms)

========================================================================
Received Prepare
Registering precompiled user dll's ...
Registered in 0.000507 seconds.
Begin MonoManager ReloadAssembly
Native extension for WindowsStandalone target not found
Native extension for WebGL target not found
Refreshing native plugins compatible for Editor in 0.19 ms, found 0 plugins.
Preloading 0 native plugins for Editor in 0.00 ms.
Invoked RoslynAnalysisRunner static constructor.
RoslynAnalysisRunner will not be running.
RoslynAnalysisRunner has terminated.
Mono: successfully reloaded assembly
- Completed reload, in  0.617 seconds
Platform modules already initialized, skipping
Refreshing native plugins compatible for Editor in 0.22 ms, found 0 plugins.
Preloading 0 native plugins for Editor in 0.00 ms.
Unloading 1122 Unused Serialized files (Serialized files now loaded: 0)
System memory in use before: 61.4 MB.
System memory in use after: 61.5 MB.

Unloading 4 unused Assets to reduce memory usage. Loaded Objects now: 1753.
Total: 1.460200 ms (FindLiveObjects: 0.131700 ms CreateObjectMapping: 0.032700 ms MarkObjects: 1.285100 ms  DeleteObjects: 0.010100 ms)

========================================================================
Received Prepare
Registering precompiled user dll's ...
Registered in 0.000508 seconds.
Begin MonoManager ReloadAssembly
Native extension for WindowsStandalone target not found
Native extension for WebGL target not found
Refreshing native plugins compatible for Editor in 0.19 ms, found 0 plugins.
Preloading 0 native plugins for Editor in 0.00 ms.
Invoked RoslynAnalysisRunner static constructor.
RoslynAnalysisRunner will not be running.
RoslynAnalysisRunner has terminated.
Mono: successfully reloaded assembly
- Completed reload, in  0.617 seconds
Platform modules already initialized, skipping
Refreshing native plugins compatible for Editor in 0.20 ms, found 0 plugins.
Preloading 0 native plugins for Editor in 0.00 ms.
Unloading 1122 Unused Serialized files (Serialized files now loaded: 0)
System memory in use before: 61.4 MB.
System memory in use after: 61.5 MB.

Unloading 4 unused Assets to reduce memory usage. Loaded Objects now: 1756.
Total: 1.651400 ms (FindLiveObjects: 0.193000 ms CreateObjectMapping: 0.040600 ms MarkObjects: 1.405100 ms  DeleteObjects: 0.011900 ms)

========================================================================
Received Prepare
Registering precompiled user dll's ...
Registered in 0.000511 seconds.
Begin MonoManager ReloadAssembly
Native extension for WindowsStandalone target not found
Native extension for WebGL target not found
Refreshing native plugins compatible for Editor in 0.19 ms, found 0 plugins.
Preloading 0 native plugins for Editor in 0.00 ms.
Invoked RoslynAnalysisRunner static constructor.
RoslynAnalysisRunner will not be running.
RoslynAnalysisRunner has terminated.
Mono: successfully reloaded assembly
- Completed reload, in  0.619 seconds
Platform modules already initialized, skipping
Refreshing native plugins compatible for Editor in 0.26 ms, found 0 plugins.
Preloading 0 native plugins for Editor in 0.00 ms.
Unloading 1122 Unused Serialized files (Serialized files now loaded: 0)
System memory in use before: 61.4 MB.
System memory in use after: 61.5 MB.

Unloading 4 unused Assets to reduce memory usage. Loaded Objects now: 1759.
Total: 2.068200 ms (FindLiveObjects: 0.205000 ms CreateObjectMapping: 0.044500 ms MarkObjects: 1.788000 ms  DeleteObjects: 0.029800 ms)

========================================================================
Received Prepare
Registering precompiled user dll's ...
Registered in 0.000528 seconds.
Begin MonoManager ReloadAssembly
Native extension for WindowsStandalone target not found
Native extension for WebGL target not found
Refreshing native plugins compatible for Editor in 0.22 ms, found 0 plugins.
Preloading 0 native plugins for Editor in 0.00 ms.
Invoked RoslynAnalysisRunner static constructor.
RoslynAnalysisRunner will not be running.
RoslynAnalysisRunner has terminated.
Mono: successfully reloaded assembly
- Completed reload, in  0.637 seconds
Platform modules already initialized, skipping
Refreshing native plugins compatible for Editor in 0.19 ms, found 0 plugins.
Preloading 0 native plugins for Editor in 0.00 ms.
Unloading 1122 Unused Serialized files (Serialized files now loaded: 0)
System memory in use before: 61.4 MB.
System memory in use after: 61.5 MB.

Unloading 4 unused Assets to reduce memory usage. Loaded Objects now: 1762.
Total: 1.584600 ms (FindLiveObjects: 0.157400 ms CreateObjectMapping: 0.038900 ms MarkObjects: 1.375500 ms  DeleteObjects: 0.011900 ms)

========================================================================
Received Prepare
Registering precompiled user dll's ...
Registered in 0.000534 seconds.
Begin MonoManager ReloadAssembly
Native extension for WindowsStandalone target not found
Native extension for WebGL target not found
Refreshing native plugins compatible for Editor in 0.20 ms, found 0 plugins.
Preloading 0 native plugins for Editor in 0.00 ms.
Invoked RoslynAnalysisRunner static constructor.
RoslynAnalysisRunner will not be running.
RoslynAnalysisRunner has terminated.
Mono: successfully reloaded assembly
- Completed reload, in  0.619 seconds
Platform modules already initialized, skipping
Refreshing native plugins compatible for Editor in 0.20 ms, found 0 plugins.
Preloading 0 native plugins for Editor in 0.00 ms.
Unloading 1122 Unused Serialized files (Serialized files now loaded: 0)
System memory in use before: 61.4 MB.
System memory in use after: 61.5 MB.

Unloading 4 unused Assets to reduce memory usage. Loaded Objects now: 1765.
Total: 1.432900 ms (FindLiveObjects: 0.132600 ms CreateObjectMapping: 0.031900 ms MarkObjects: 1.257300 ms  DeleteObjects: 0.010700 ms)

AssetImportWorkerClient::OnTransportError - code=2 error=End of file
