Using pre-set license
Built from '2020.3/staging' branch; Version is '2020.3.3f1 (76626098c1c4) revision 7758432'; Using compiler version '192528614'; Build Type 'Release'
OS: 'Windows 10 Home; OS build 19041.1052; Version 2004; 64bit' Language: 'he' Physical Memory: 32699 MB
BatchMode: 1, IsHumanControllingUs: 0, StartBugReporterOnCrash: 0, Is64bit: 1, IsPro: 0

 COMMAND LINE ARGUMENTS:
C:\unityversions\2020.3.3f1\Editor\Unity.exe
-adb2
-batchMode
-noUpm
-name
AssetImportWorker0
-projectPath
C:/Users/Public/UnityProj/Junior Programmer/Unit 4/Unit 4
-logFile
Logs/AssetImportWorker0.log
-srvPort
62504
Successfully changed project path to: C:/Users/Public/UnityProj/Junior Programmer/Unit 4/Unit 4
C:/Users/Public/UnityProj/Junior Programmer/Unit 4/Unit 4
Using Asset Import Pipeline V2.
Refreshing native plugins compatible for Editor in 21.53 ms, found 0 plugins.
Preloading 0 native plugins for Editor in 0.00 ms.
Initialize engine version: 2020.3.3f1 (76626098c1c4)
[Subsystems] Discovering subsystems at path C:/unityversions/2020.3.3f1/Editor/Data/Resources/UnitySubsystems
[Subsystems] Discovering subsystems at path C:/Users/Public/UnityProj/Junior Programmer/Unit 4/Unit 4/Assets
GfxDevice: creating device client; threaded=0
Direct3D:
    Version:  Direct3D 11.0 [level 11.1]
    Renderer: NVIDIA GeForce GTX 1660 (ID=0x2184)
    Vendor:   
    VRAM:     5991 MB
    Driver:   30.0.14.7111
Initialize mono
Mono path[0] = 'C:/unityversions/2020.3.3f1/Editor/Data/Managed'
Mono path[1] = 'C:/unityversions/2020.3.3f1/Editor/Data/MonoBleedingEdge/lib/mono/unityjit'
Mono config path = 'C:/unityversions/2020.3.3f1/Editor/Data/MonoBleedingEdge/etc'
Using monoOptions --debugger-agent=transport=dt_socket,embedding=1,server=y,suspend=n,address=127.0.0.1:56480
Begin MonoManager ReloadAssembly
Registering precompiled unity dll's ...
Register platform support module: C:/unityversions/2020.3.3f1/Editor/Data/PlaybackEngines/WebGLSupport/UnityEditor.WebGL.Extensions.dll
Register platform support module: C:/unityversions/2020.3.3f1/Editor/Data/PlaybackEngines/WindowsStandaloneSupport/UnityEditor.WindowsStandalone.Extensions.dll
Registered in 0.001806 seconds.
Native extension for WindowsStandalone target not found
Native extension for WebGL target not found
Refreshing native plugins compatible for Editor in 18.70 ms, found 0 plugins.
Preloading 0 native plugins for Editor in 0.00 ms.
Invoked RoslynAnalysisRunner static constructor.
RoslynAnalysisRunner will not be running.
RoslynAnalysisRunner has terminated.
Mono: successfully reloaded assembly
- Completed reload, in  1.561 seconds
Platform modules already initialized, skipping
Registering precompiled user dll's ...
Registered in 0.000482 seconds.
Begin MonoManager ReloadAssembly
Native extension for WindowsStandalone target not found
Native extension for WebGL target not found
Refreshing native plugins compatible for Editor in 0.19 ms, found 0 plugins.
Preloading 0 native plugins for Editor in 0.00 ms.
Invoked RoslynAnalysisRunner static constructor.
RoslynAnalysisRunner will not be running.
RoslynAnalysisRunner has terminated.
Mono: successfully reloaded assembly
- Completed reload, in  0.653 seconds
Platform modules already initialized, skipping
========================================================================
Worker process is ready to serve import requests
Launched and connected shader compiler UnityShaderCompiler.exe after 0.03 seconds
Refreshing native plugins compatible for Editor in 0.35 ms, found 0 plugins.
Preloading 0 native plugins for Editor in 0.00 ms.
Unloading 1131 Unused Serialized files (Serialized files now loaded: 0)
System memory in use before: 58.0 MB.
System memory in use after: 58.0 MB.

Unloading 10 unused Assets to reduce memory usage. Loaded Objects now: 1577.
Total: 1.669200 ms (FindLiveObjects: 0.153000 ms CreateObjectMapping: 0.040700 ms MarkObjects: 1.410200 ms  DeleteObjects: 0.064500 ms)

========================================================================
Received Import Request.
  path: Assets/Bonus Features/Scenes/Bonus Features.unity
  artifactKey: Guid(984aaecd105ea1448893224926219e02) Importer(815301076,1909f56bfc062723c751e8b465ee728b)
Start importing Assets/Bonus Features/Scenes/Bonus Features.unity using Guid(984aaecd105ea1448893224926219e02) Importer(815301076,1909f56bfc062723c751e8b465ee728b)  -> (artifact id: 'dfc42e19639ca07fddf995199df6e8f6') in 0.009665 seconds
  Import took 0.013834 seconds .

========================================================================
Received Prepare
Registering precompiled user dll's ...
Registered in 0.000490 seconds.
Begin MonoManager ReloadAssembly
Native extension for WindowsStandalone target not found
Native extension for WebGL target not found
Refreshing native plugins compatible for Editor in 0.19 ms, found 0 plugins.
Preloading 0 native plugins for Editor in 0.00 ms.
Invoked RoslynAnalysisRunner static constructor.
RoslynAnalysisRunner will not be running.
RoslynAnalysisRunner has terminated.
Mono: successfully reloaded assembly
- Completed reload, in  0.619 seconds
Platform modules already initialized, skipping
Refreshing native plugins compatible for Editor in 0.19 ms, found 0 plugins.
Preloading 0 native plugins for Editor in 0.00 ms.
Unloading 1125 Unused Serialized files (Serialized files now loaded: 0)
System memory in use before: 57.8 MB.
System memory in use after: 57.9 MB.

Unloading 5 unused Assets to reduce memory usage. Loaded Objects now: 1580.
Total: 3.582900 ms (FindLiveObjects: 0.266700 ms CreateObjectMapping: 0.086700 ms MarkObjects: 3.116800 ms  DeleteObjects: 0.110800 ms)

========================================================================
Received Import Request.
  Time since last request: 1101.971522 seconds.
  path: Assets/Bonus Features/Scripts/Utils/PowerUpBonus.cs
  artifactKey: Guid(e9119a205ef780e42ae433f8ed6f4565) Importer(815301076,1909f56bfc062723c751e8b465ee728b)
Start importing Assets/Bonus Features/Scripts/Utils/PowerUpBonus.cs using Guid(e9119a205ef780e42ae433f8ed6f4565) Importer(815301076,1909f56bfc062723c751e8b465ee728b)  -> (artifact id: '1d894b9da939387977af308d3d8f31ea') in 0.047463 seconds
  Import took 0.051876 seconds .

========================================================================
Received Import Request.
  Time since last request: 10.342629 seconds.
  path: Assets/Bonus Features/Prefab/Powerup.prefab
  artifactKey: Guid(4a34ee8a11ec29e419ccc551b56b19db) Importer(815301076,1909f56bfc062723c751e8b465ee728b)
Start importing Assets/Bonus Features/Prefab/Powerup.prefab using Guid(4a34ee8a11ec29e419ccc551b56b19db) Importer(815301076,1909f56bfc062723c751e8b465ee728b)  -> (artifact id: 'cc0326d45b2000bab0aff0e3d371814b') in 0.124478 seconds
  Import took 0.127119 seconds .

========================================================================
Received Import Request.
  Time since last request: 10.917061 seconds.
  path: Assets/Bonus Features/Prefab/Powerup.prefab
  artifactKey: Guid(4a34ee8a11ec29e419ccc551b56b19db) Importer(815301076,1909f56bfc062723c751e8b465ee728b)
Start importing Assets/Bonus Features/Prefab/Powerup.prefab using Guid(4a34ee8a11ec29e419ccc551b56b19db) Importer(815301076,1909f56bfc062723c751e8b465ee728b)  -> (artifact id: '0244758a8d7aa8bf4ff5a69dd9f07457') in 0.010363 seconds
  Import took 0.012157 seconds .

========================================================================
Received Import Request.
  Time since last request: 3.284534 seconds.
  path: Assets/Bonus Features/Prefab/Homing_Rockets_Powerup.prefab
  artifactKey: Guid(dac4b07ce9e1a564e899a5f545dfe4fa) Importer(815301076,1909f56bfc062723c751e8b465ee728b)
Start importing Assets/Bonus Features/Prefab/Homing_Rockets_Powerup.prefab using Guid(dac4b07ce9e1a564e899a5f545dfe4fa) Importer(815301076,1909f56bfc062723c751e8b465ee728b)  -> (artifact id: 'eace7122026aae36d679cc35f75f74a8') in 0.008259 seconds
  Import took 0.010145 seconds .

========================================================================
Received Import Request.
  Time since last request: 2.830508 seconds.
  path: Assets/Bonus Features/Prefab/Homing_Rockets_Powerup.prefab
  artifactKey: Guid(dac4b07ce9e1a564e899a5f545dfe4fa) Importer(815301076,1909f56bfc062723c751e8b465ee728b)
Start importing Assets/Bonus Features/Prefab/Homing_Rockets_Powerup.prefab using Guid(dac4b07ce9e1a564e899a5f545dfe4fa) Importer(815301076,1909f56bfc062723c751e8b465ee728b)  -> (artifact id: 'a463a99357a7d807ea5d4917d53281b0') in 0.007212 seconds
  Import took 0.009641 seconds .

========================================================================
Received Import Request.
  Time since last request: 21.950472 seconds.
  path: Assets/Bonus Features/Prefab/Rocket.prefab
  artifactKey: Guid(417ae9e171219b7488f15567411154f6) Importer(815301076,1909f56bfc062723c751e8b465ee728b)
Start importing Assets/Bonus Features/Prefab/Rocket.prefab using Guid(417ae9e171219b7488f15567411154f6) Importer(815301076,1909f56bfc062723c751e8b465ee728b)  -> (artifact id: 'adeff9953ce1df200e2b48748e39262e') in 0.007935 seconds
  Import took 0.009645 seconds .

========================================================================
Received Import Request.
  Time since last request: 15.806082 seconds.
  path: Assets/Bonus Features/Prefab/Rocket.prefab
  artifactKey: Guid(417ae9e171219b7488f15567411154f6) Importer(815301076,1909f56bfc062723c751e8b465ee728b)
Start importing Assets/Bonus Features/Prefab/Rocket.prefab using Guid(417ae9e171219b7488f15567411154f6) Importer(815301076,1909f56bfc062723c751e8b465ee728b)  -> (artifact id: '20b50bce04940c91fe5366239740208d') in 0.007908 seconds
  Import took 0.009947 seconds .

========================================================================
Received Prepare
Registering precompiled user dll's ...
Registered in 0.000676 seconds.
Begin MonoManager ReloadAssembly
Native extension for WindowsStandalone target not found
Native extension for WebGL target not found
Refreshing native plugins compatible for Editor in 0.29 ms, found 0 plugins.
Preloading 0 native plugins for Editor in 0.00 ms.
Invoked RoslynAnalysisRunner static constructor.
RoslynAnalysisRunner will not be running.
RoslynAnalysisRunner has terminated.
Mono: successfully reloaded assembly
- Completed reload, in  0.599 seconds
Platform modules already initialized, skipping
Refreshing native plugins compatible for Editor in 0.19 ms, found 0 plugins.
Preloading 0 native plugins for Editor in 0.00 ms.
Unloading 1125 Unused Serialized files (Serialized files now loaded: 0)
System memory in use before: 61.0 MB.
System memory in use after: 61.1 MB.

Unloading 6 unused Assets to reduce memory usage. Loaded Objects now: 1591.
Total: 1.397000 ms (FindLiveObjects: 0.105100 ms CreateObjectMapping: 0.029000 ms MarkObjects: 1.225300 ms  DeleteObjects: 0.036800 ms)

========================================================================
Received Prepare
Registering precompiled user dll's ...
Registered in 0.000807 seconds.
Begin MonoManager ReloadAssembly
Native extension for WindowsStandalone target not found
Native extension for WebGL target not found
Refreshing native plugins compatible for Editor in 0.22 ms, found 0 plugins.
Preloading 0 native plugins for Editor in 0.00 ms.
Invoked RoslynAnalysisRunner static constructor.
RoslynAnalysisRunner will not be running.
RoslynAnalysisRunner has terminated.
Mono: successfully reloaded assembly
- Completed reload, in  0.607 seconds
Platform modules already initialized, skipping
Refreshing native plugins compatible for Editor in 0.19 ms, found 0 plugins.
Preloading 0 native plugins for Editor in 0.00 ms.
Unloading 1125 Unused Serialized files (Serialized files now loaded: 0)
System memory in use before: 61.0 MB.
System memory in use after: 61.1 MB.

Unloading 5 unused Assets to reduce memory usage. Loaded Objects now: 1594.
Total: 2.038800 ms (FindLiveObjects: 0.174200 ms CreateObjectMapping: 0.049600 ms MarkObjects: 1.760200 ms  DeleteObjects: 0.053500 ms)

========================================================================
Received Prepare
Registering precompiled user dll's ...
Registered in 0.000470 seconds.
Begin MonoManager ReloadAssembly
Native extension for WindowsStandalone target not found
Native extension for WebGL target not found
Refreshing native plugins compatible for Editor in 0.18 ms, found 0 plugins.
Preloading 0 native plugins for Editor in 0.00 ms.
Invoked RoslynAnalysisRunner static constructor.
RoslynAnalysisRunner will not be running.
RoslynAnalysisRunner has terminated.
Mono: successfully reloaded assembly
- Completed reload, in  0.607 seconds
Platform modules already initialized, skipping
Refreshing native plugins compatible for Editor in 0.24 ms, found 0 plugins.
Preloading 0 native plugins for Editor in 0.00 ms.
Unloading 1125 Unused Serialized files (Serialized files now loaded: 0)
System memory in use before: 61.1 MB.
System memory in use after: 61.1 MB.

Unloading 5 unused Assets to reduce memory usage. Loaded Objects now: 1597.
Total: 3.671300 ms (FindLiveObjects: 0.283200 ms CreateObjectMapping: 0.103500 ms MarkObjects: 3.173300 ms  DeleteObjects: 0.108400 ms)

========================================================================
Received Import Request.
  Time since last request: 343.580956 seconds.
  path: Assets/Bonus Features/Prefab/Enemy 4.prefab
  artifactKey: Guid(a74dc92e9c6afa54d8853b8765cbc8a5) Importer(815301076,1909f56bfc062723c751e8b465ee728b)
Start importing Assets/Bonus Features/Prefab/Enemy 4.prefab using Guid(a74dc92e9c6afa54d8853b8765cbc8a5) Importer(815301076,1909f56bfc062723c751e8b465ee728b)  -> (artifact id: '85f4784d67b8296f063f3b1d5fff2a25') in 0.044818 seconds
  Import took 0.047232 seconds .

========================================================================
Received Import Request.
  Time since last request: 2.921765 seconds.
  path: Assets/Bonus Features/Prefab/Enemy 4.prefab
  artifactKey: Guid(a74dc92e9c6afa54d8853b8765cbc8a5) Importer(815301076,1909f56bfc062723c751e8b465ee728b)
Start importing Assets/Bonus Features/Prefab/Enemy 4.prefab using Guid(a74dc92e9c6afa54d8853b8765cbc8a5) Importer(815301076,1909f56bfc062723c751e8b465ee728b)  -> (artifact id: '45eb10fa7b3c3b43dae8cbf22404c0b4') in 0.007338 seconds
  Import took 0.009316 seconds .

========================================================================
Received Import Request.
  Time since last request: 0.865141 seconds.
  path: Assets/Bonus Features/Prefab/Enemy 4.prefab
  artifactKey: Guid(a74dc92e9c6afa54d8853b8765cbc8a5) Importer(815301076,1909f56bfc062723c751e8b465ee728b)
Start importing Assets/Bonus Features/Prefab/Enemy 4.prefab using Guid(a74dc92e9c6afa54d8853b8765cbc8a5) Importer(815301076,1909f56bfc062723c751e8b465ee728b)  -> (artifact id: '95511b6dfc51e049a671672330b8a788') in 0.008412 seconds
  Import took 0.010459 seconds .

========================================================================
Received Import Request.
  Time since last request: 15.074032 seconds.
  path: Assets/Bonus Features/Prefab/Enemy Boss.prefab
  artifactKey: Guid(a74dc92e9c6afa54d8853b8765cbc8a5) Importer(815301076,1909f56bfc062723c751e8b465ee728b)
Start importing Assets/Bonus Features/Prefab/Enemy Boss.prefab using Guid(a74dc92e9c6afa54d8853b8765cbc8a5) Importer(815301076,1909f56bfc062723c751e8b465ee728b)  -> (artifact id: '7bc862c6360e3b1d535dc9acb17d4732') in 0.007779 seconds
  Import took 0.009496 seconds .

========================================================================
Received Prepare
Registering precompiled user dll's ...
Registered in 0.000473 seconds.
Begin MonoManager ReloadAssembly
Native extension for WindowsStandalone target not found
Native extension for WebGL target not found
Refreshing native plugins compatible for Editor in 0.21 ms, found 0 plugins.
Preloading 0 native plugins for Editor in 0.00 ms.
Invoked RoslynAnalysisRunner static constructor.
RoslynAnalysisRunner will not be running.
RoslynAnalysisRunner has terminated.
Mono: successfully reloaded assembly
- Completed reload, in  0.608 seconds
Platform modules already initialized, skipping
Refreshing native plugins compatible for Editor in 0.19 ms, found 0 plugins.
Preloading 0 native plugins for Editor in 0.00 ms.
Unloading 1125 Unused Serialized files (Serialized files now loaded: 0)
System memory in use before: 61.1 MB.
System memory in use after: 61.2 MB.

Unloading 5 unused Assets to reduce memory usage. Loaded Objects now: 1602.
Total: 1.692300 ms (FindLiveObjects: 0.191100 ms CreateObjectMapping: 0.029700 ms MarkObjects: 1.365400 ms  DeleteObjects: 0.103100 ms)

========================================================================
Received Prepare
Registering precompiled user dll's ...
Registered in 0.000605 seconds.
Begin MonoManager ReloadAssembly
Native extension for WindowsStandalone target not found
Native extension for WebGL target not found
Refreshing native plugins compatible for Editor in 0.19 ms, found 0 plugins.
Preloading 0 native plugins for Editor in 0.00 ms.
Invoked RoslynAnalysisRunner static constructor.
RoslynAnalysisRunner will not be running.
RoslynAnalysisRunner has terminated.
Mono: successfully reloaded assembly
- Completed reload, in  0.608 seconds
Platform modules already initialized, skipping
Refreshing native plugins compatible for Editor in 0.21 ms, found 0 plugins.
Preloading 0 native plugins for Editor in 0.00 ms.
Unloading 1125 Unused Serialized files (Serialized files now loaded: 0)
System memory in use before: 61.1 MB.
System memory in use after: 61.2 MB.

Unloading 5 unused Assets to reduce memory usage. Loaded Objects now: 1605.
Total: 1.477300 ms (FindLiveObjects: 0.181600 ms CreateObjectMapping: 0.039300 ms MarkObjects: 1.214200 ms  DeleteObjects: 0.040900 ms)

========================================================================
Received Prepare
Registering precompiled user dll's ...
Registered in 0.000495 seconds.
Begin MonoManager ReloadAssembly
Native extension for WindowsStandalone target not found
Native extension for WebGL target not found
Refreshing native plugins compatible for Editor in 0.21 ms, found 0 plugins.
Preloading 0 native plugins for Editor in 0.00 ms.
Invoked RoslynAnalysisRunner static constructor.
RoslynAnalysisRunner will not be running.
RoslynAnalysisRunner has terminated.
Mono: successfully reloaded assembly
- Completed reload, in  0.611 seconds
Platform modules already initialized, skipping
Refreshing native plugins compatible for Editor in 0.20 ms, found 0 plugins.
Preloading 0 native plugins for Editor in 0.00 ms.
Unloading 1125 Unused Serialized files (Serialized files now loaded: 0)
System memory in use before: 61.1 MB.
System memory in use after: 61.2 MB.

Unloading 5 unused Assets to reduce memory usage. Loaded Objects now: 1608.
Total: 1.500200 ms (FindLiveObjects: 0.167100 ms CreateObjectMapping: 0.031900 ms MarkObjects: 1.258600 ms  DeleteObjects: 0.041600 ms)

========================================================================
Received Prepare
Registering precompiled user dll's ...
Registered in 0.000528 seconds.
Begin MonoManager ReloadAssembly
Native extension for WindowsStandalone target not found
Native extension for WebGL target not found
Refreshing native plugins compatible for Editor in 0.20 ms, found 0 plugins.
Preloading 0 native plugins for Editor in 0.00 ms.
Invoked RoslynAnalysisRunner static constructor.
RoslynAnalysisRunner will not be running.
RoslynAnalysisRunner has terminated.
Mono: successfully reloaded assembly
- Completed reload, in  0.607 seconds
Platform modules already initialized, skipping
Refreshing native plugins compatible for Editor in 0.48 ms, found 0 plugins.
Preloading 0 native plugins for Editor in 0.00 ms.
Unloading 1125 Unused Serialized files (Serialized files now loaded: 0)
System memory in use before: 61.1 MB.
System memory in use after: 61.2 MB.

Unloading 5 unused Assets to reduce memory usage. Loaded Objects now: 1611.
Total: 1.578500 ms (FindLiveObjects: 0.173500 ms CreateObjectMapping: 0.035500 ms MarkObjects: 1.326300 ms  DeleteObjects: 0.042000 ms)

========================================================================
Received Prepare
Registering precompiled user dll's ...
Registered in 0.000511 seconds.
Begin MonoManager ReloadAssembly
Native extension for WindowsStandalone target not found
Native extension for WebGL target not found
Refreshing native plugins compatible for Editor in 0.25 ms, found 0 plugins.
Preloading 0 native plugins for Editor in 0.00 ms.
Invoked RoslynAnalysisRunner static constructor.
RoslynAnalysisRunner will not be running.
RoslynAnalysisRunner has terminated.
Mono: successfully reloaded assembly
- Completed reload, in  0.607 seconds
Platform modules already initialized, skipping
Refreshing native plugins compatible for Editor in 0.22 ms, found 0 plugins.
Preloading 0 native plugins for Editor in 0.00 ms.
Unloading 1125 Unused Serialized files (Serialized files now loaded: 0)
System memory in use before: 61.1 MB.
System memory in use after: 61.2 MB.

Unloading 5 unused Assets to reduce memory usage. Loaded Objects now: 1614.
Total: 1.417800 ms (FindLiveObjects: 0.124200 ms CreateObjectMapping: 0.030800 ms MarkObjects: 1.219400 ms  DeleteObjects: 0.042500 ms)

========================================================================
Received Prepare
Registering precompiled user dll's ...
Registered in 0.000549 seconds.
Begin MonoManager ReloadAssembly
Native extension for WindowsStandalone target not found
Native extension for WebGL target not found
Refreshing native plugins compatible for Editor in 0.19 ms, found 0 plugins.
Preloading 0 native plugins for Editor in 0.00 ms.
Invoked RoslynAnalysisRunner static constructor.
RoslynAnalysisRunner will not be running.
RoslynAnalysisRunner has terminated.
Mono: successfully reloaded assembly
- Completed reload, in  0.620 seconds
Platform modules already initialized, skipping
Refreshing native plugins compatible for Editor in 0.20 ms, found 0 plugins.
Preloading 0 native plugins for Editor in 0.00 ms.
Unloading 1125 Unused Serialized files (Serialized files now loaded: 0)
System memory in use before: 61.1 MB.
System memory in use after: 61.2 MB.

Unloading 5 unused Assets to reduce memory usage. Loaded Objects now: 1617.
Total: 5.074600 ms (FindLiveObjects: 0.377200 ms CreateObjectMapping: 0.125100 ms MarkObjects: 4.437500 ms  DeleteObjects: 0.132300 ms)

========================================================================
Received Prepare
Registering precompiled user dll's ...
Registered in 0.000470 seconds.
Begin MonoManager ReloadAssembly
Native extension for WindowsStandalone target not found
Native extension for WebGL target not found
Refreshing native plugins compatible for Editor in 0.19 ms, found 0 plugins.
Preloading 0 native plugins for Editor in 0.00 ms.
Invoked RoslynAnalysisRunner static constructor.
RoslynAnalysisRunner will not be running.
RoslynAnalysisRunner has terminated.
Mono: successfully reloaded assembly
- Completed reload, in  0.623 seconds
Platform modules already initialized, skipping
Refreshing native plugins compatible for Editor in 0.19 ms, found 0 plugins.
Preloading 0 native plugins for Editor in 0.00 ms.
Unloading 1125 Unused Serialized files (Serialized files now loaded: 0)
System memory in use before: 61.2 MB.
System memory in use after: 61.2 MB.

Unloading 5 unused Assets to reduce memory usage. Loaded Objects now: 1620.
Total: 1.393000 ms (FindLiveObjects: 0.125200 ms CreateObjectMapping: 0.028500 ms MarkObjects: 1.200100 ms  DeleteObjects: 0.038600 ms)

========================================================================
Received Import Request.
  Time since last request: 681.530566 seconds.
  path: Assets/Bonus Features/Scripts/Utils/PowerUpBonus.cs
  artifactKey: Guid(e9119a205ef780e42ae433f8ed6f4565) Importer(815301076,1909f56bfc062723c751e8b465ee728b)
Start importing Assets/Bonus Features/Scripts/Utils/PowerUpBonus.cs using Guid(e9119a205ef780e42ae433f8ed6f4565) Importer(815301076,1909f56bfc062723c751e8b465ee728b)  -> (artifact id: '63fbb7867d4df3ae29dc8a307fcb9c09') in 0.004143 seconds
  Import took 0.006019 seconds .

========================================================================
Received Import Request.
  Time since last request: 4.553613 seconds.
  path: Assets/Bonus Features/Prefab/Homing_Rockets_Powerup 1.prefab
  artifactKey: Guid(5fa4b5db938f8e74cb1631c1915fc7a0) Importer(815301076,1909f56bfc062723c751e8b465ee728b)
Start importing Assets/Bonus Features/Prefab/Homing_Rockets_Powerup 1.prefab using Guid(5fa4b5db938f8e74cb1631c1915fc7a0) Importer(815301076,1909f56bfc062723c751e8b465ee728b)  -> (artifact id: 'eddfcc8b3497e1620e6ea67dc953705a') in 0.043518 seconds
  Import took 0.045270 seconds .

========================================================================
Received Import Request.
  Time since last request: 34.948696 seconds.
  path: Assets/Bonus Features/Prefab/SmashPowerup.prefab
  artifactKey: Guid(163c986097857a24892067218b87bb6d) Importer(815301076,1909f56bfc062723c751e8b465ee728b)
Start importing Assets/Bonus Features/Prefab/SmashPowerup.prefab using Guid(163c986097857a24892067218b87bb6d) Importer(815301076,1909f56bfc062723c751e8b465ee728b)  -> (artifact id: 'ecaffbdec00423d586c9e8d4afb7792c') in 0.008423 seconds
  Import took 0.010231 seconds .

========================================================================
Received Prepare
Registering precompiled user dll's ...
Registered in 0.000668 seconds.
Begin MonoManager ReloadAssembly
Native extension for WindowsStandalone target not found
Native extension for WebGL target not found
Refreshing native plugins compatible for Editor in 0.19 ms, found 0 plugins.
Preloading 0 native plugins for Editor in 0.00 ms.
Invoked RoslynAnalysisRunner static constructor.
RoslynAnalysisRunner will not be running.
RoslynAnalysisRunner has terminated.
Mono: successfully reloaded assembly
- Completed reload, in  0.615 seconds
Platform modules already initialized, skipping
Refreshing native plugins compatible for Editor in 0.19 ms, found 0 plugins.
Preloading 0 native plugins for Editor in 0.00 ms.
Unloading 1125 Unused Serialized files (Serialized files now loaded: 0)
System memory in use before: 61.2 MB.
System memory in use after: 61.2 MB.

Unloading 5 unused Assets to reduce memory usage. Loaded Objects now: 1624.
Total: 3.650400 ms (FindLiveObjects: 0.268000 ms CreateObjectMapping: 0.089600 ms MarkObjects: 3.198200 ms  DeleteObjects: 0.092500 ms)

========================================================================
Received Prepare
Registering precompiled user dll's ...
Registered in 0.000540 seconds.
Begin MonoManager ReloadAssembly
Native extension for WindowsStandalone target not found
Native extension for WebGL target not found
Refreshing native plugins compatible for Editor in 0.19 ms, found 0 plugins.
Preloading 0 native plugins for Editor in 0.00 ms.
Invoked RoslynAnalysisRunner static constructor.
RoslynAnalysisRunner will not be running.
RoslynAnalysisRunner has terminated.
Mono: successfully reloaded assembly
- Completed reload, in  0.615 seconds
Platform modules already initialized, skipping
Refreshing native plugins compatible for Editor in 0.18 ms, found 0 plugins.
Preloading 0 native plugins for Editor in 0.00 ms.
Unloading 1125 Unused Serialized files (Serialized files now loaded: 0)
System memory in use before: 61.2 MB.
System memory in use after: 61.2 MB.

Unloading 5 unused Assets to reduce memory usage. Loaded Objects now: 1627.
Total: 1.666500 ms (FindLiveObjects: 0.212500 ms CreateObjectMapping: 0.045800 ms MarkObjects: 1.360100 ms  DeleteObjects: 0.046900 ms)

========================================================================
Received Import Request.
  Time since last request: 74.688997 seconds.
  path: Assets/Bonus Features/Prefab/SmashPowerup.prefab
  artifactKey: Guid(163c986097857a24892067218b87bb6d) Importer(815301076,1909f56bfc062723c751e8b465ee728b)
Start importing Assets/Bonus Features/Prefab/SmashPowerup.prefab using Guid(163c986097857a24892067218b87bb6d) Importer(815301076,1909f56bfc062723c751e8b465ee728b)  -> (artifact id: '9cbc3e351f971c690f8af14f22700fcc') in 0.043625 seconds
  Import took 0.045885 seconds .

========================================================================
Received Import Request.
  Time since last request: 3.916555 seconds.
  path: Assets/Bonus Features/Prefab/SmashPowerup.prefab
  artifactKey: Guid(163c986097857a24892067218b87bb6d) Importer(815301076,1909f56bfc062723c751e8b465ee728b)
Start importing Assets/Bonus Features/Prefab/SmashPowerup.prefab using Guid(163c986097857a24892067218b87bb6d) Importer(815301076,1909f56bfc062723c751e8b465ee728b)  -> (artifact id: 'e7ee65efbf86a772a28df52c4bef7342') in 0.006906 seconds
  Import took 0.009226 seconds .

========================================================================
Received Import Request.
  Time since last request: 0.016088 seconds.
  path: Assets/Bonus Features/Prefab/SmashPowerup.prefab
  artifactKey: Guid(163c986097857a24892067218b87bb6d) Importer(815301076,1909f56bfc062723c751e8b465ee728b)
Start importing Assets/Bonus Features/Prefab/SmashPowerup.prefab using Guid(163c986097857a24892067218b87bb6d) Importer(815301076,1909f56bfc062723c751e8b465ee728b)  -> (artifact id: 'e7ee65efbf86a772a28df52c4bef7342') in 0.006686 seconds
  Import took 0.008528 seconds .

========================================================================
Received Import Request.
  Time since last request: 1.776158 seconds.
  path: Assets/Bonus Features/Prefab/Powerup.prefab
  artifactKey: Guid(4a34ee8a11ec29e419ccc551b56b19db) Importer(815301076,1909f56bfc062723c751e8b465ee728b)
Start importing Assets/Bonus Features/Prefab/Powerup.prefab using Guid(4a34ee8a11ec29e419ccc551b56b19db) Importer(815301076,1909f56bfc062723c751e8b465ee728b)  -> (artifact id: '2fd262f21e38c024c70460aca26536dc') in 0.010366 seconds
  Import took 0.013046 seconds .

========================================================================
Received Import Request.
  Time since last request: 4.464099 seconds.
  path: Assets/Bonus Features/Prefab/Homing_Rockets_Powerup 1.prefab
  artifactKey: Guid(5fa4b5db938f8e74cb1631c1915fc7a0) Importer(815301076,1909f56bfc062723c751e8b465ee728b)
Start importing Assets/Bonus Features/Prefab/Homing_Rockets_Powerup 1.prefab using Guid(5fa4b5db938f8e74cb1631c1915fc7a0) Importer(815301076,1909f56bfc062723c751e8b465ee728b)  -> (artifact id: 'fc2fe1aded2a2ab30b7e2065bb751e8d') in 0.008676 seconds
  Import took 0.010893 seconds .

========================================================================
Received Import Request.
  Time since last request: 3.243609 seconds.
  path: Assets/Bonus Features/Prefab/SmashPowerup.prefab
  artifactKey: Guid(163c986097857a24892067218b87bb6d) Importer(815301076,1909f56bfc062723c751e8b465ee728b)
Start importing Assets/Bonus Features/Prefab/SmashPowerup.prefab using Guid(163c986097857a24892067218b87bb6d) Importer(815301076,1909f56bfc062723c751e8b465ee728b)  -> (artifact id: '8635a73aff25811c4999dd27b78a7411') in 0.005888 seconds
  Import took 0.007656 seconds .

========================================================================
Received Prepare
Registering precompiled user dll's ...
Registered in 0.000474 seconds.
Begin MonoManager ReloadAssembly
Native extension for WindowsStandalone target not found
Native extension for WebGL target not found
Refreshing native plugins compatible for Editor in 0.19 ms, found 0 plugins.
Preloading 0 native plugins for Editor in 0.00 ms.
Invoked RoslynAnalysisRunner static constructor.
RoslynAnalysisRunner will not be running.
RoslynAnalysisRunner has terminated.
Mono: successfully reloaded assembly
- Completed reload, in  0.618 seconds
Platform modules already initialized, skipping
Refreshing native plugins compatible for Editor in 0.19 ms, found 0 plugins.
Preloading 0 native plugins for Editor in 0.00 ms.
Unloading 1125 Unused Serialized files (Serialized files now loaded: 0)
System memory in use before: 61.2 MB.
System memory in use after: 61.3 MB.

Unloading 5 unused Assets to reduce memory usage. Loaded Objects now: 1631.
Total: 1.769600 ms (FindLiveObjects: 0.203800 ms CreateObjectMapping: 0.037600 ms MarkObjects: 1.474600 ms  DeleteObjects: 0.052600 ms)

========================================================================
Received Prepare
Registering precompiled user dll's ...
Registered in 0.000547 seconds.
Begin MonoManager ReloadAssembly
Native extension for WindowsStandalone target not found
Native extension for WebGL target not found
Refreshing native plugins compatible for Editor in 0.21 ms, found 0 plugins.
Preloading 0 native plugins for Editor in 0.00 ms.
Invoked RoslynAnalysisRunner static constructor.
RoslynAnalysisRunner will not be running.
RoslynAnalysisRunner has terminated.
Mono: successfully reloaded assembly
- Completed reload, in  0.604 seconds
Platform modules already initialized, skipping
Refreshing native plugins compatible for Editor in 0.19 ms, found 0 plugins.
Preloading 0 native plugins for Editor in 0.00 ms.
Unloading 1125 Unused Serialized files (Serialized files now loaded: 0)
System memory in use before: 61.2 MB.
System memory in use after: 61.3 MB.

Unloading 5 unused Assets to reduce memory usage. Loaded Objects now: 1634.
Total: 2.970400 ms (FindLiveObjects: 0.257800 ms CreateObjectMapping: 0.070900 ms MarkObjects: 2.561700 ms  DeleteObjects: 0.078000 ms)

========================================================================
Received Prepare
Registering precompiled user dll's ...
Registered in 0.000571 seconds.
Begin MonoManager ReloadAssembly
Native extension for WindowsStandalone target not found
Native extension for WebGL target not found
Refreshing native plugins compatible for Editor in 0.19 ms, found 0 plugins.
Preloading 0 native plugins for Editor in 0.00 ms.
Invoked RoslynAnalysisRunner static constructor.
RoslynAnalysisRunner will not be running.
RoslynAnalysisRunner has terminated.
Mono: successfully reloaded assembly
- Completed reload, in  0.684 seconds
Platform modules already initialized, skipping
Refreshing native plugins compatible for Editor in 0.26 ms, found 0 plugins.
Preloading 0 native plugins for Editor in 0.00 ms.
Unloading 1125 Unused Serialized files (Serialized files now loaded: 0)
System memory in use before: 61.2 MB.
System memory in use after: 61.3 MB.

Unloading 5 unused Assets to reduce memory usage. Loaded Objects now: 1637.
Total: 1.531600 ms (FindLiveObjects: 0.154900 ms CreateObjectMapping: 0.032900 ms MarkObjects: 1.303200 ms  DeleteObjects: 0.039600 ms)

========================================================================
Received Prepare
Registering precompiled user dll's ...
Registered in 0.000453 seconds.
Begin MonoManager ReloadAssembly
Native extension for WindowsStandalone target not found
Native extension for WebGL target not found
Refreshing native plugins compatible for Editor in 0.19 ms, found 0 plugins.
Preloading 0 native plugins for Editor in 0.00 ms.
Invoked RoslynAnalysisRunner static constructor.
RoslynAnalysisRunner will not be running.
RoslynAnalysisRunner has terminated.
Mono: successfully reloaded assembly
- Completed reload, in  0.598 seconds
Platform modules already initialized, skipping
Refreshing native plugins compatible for Editor in 0.19 ms, found 0 plugins.
Preloading 0 native plugins for Editor in 0.00 ms.
Unloading 1125 Unused Serialized files (Serialized files now loaded: 0)
System memory in use before: 61.2 MB.
System memory in use after: 61.3 MB.

Unloading 5 unused Assets to reduce memory usage. Loaded Objects now: 1640.
Total: 2.863900 ms (FindLiveObjects: 0.240400 ms CreateObjectMapping: 0.073000 ms MarkObjects: 2.468200 ms  DeleteObjects: 0.080000 ms)

AssetImportWorkerClient::OnTransportError - code=2 error=End of file
