Using pre-set license
Built from '2020.3/staging' branch; Version is '2020.3.3f1 (76626098c1c4) revision 7758432'; Using compiler version '192528614'; Build Type 'Release'
OS: 'Windows 10 Home; OS build 19041.1052; Version 2004; 64bit' Language: 'he' Physical Memory: 32699 MB
BatchMode: 1, IsHumanControllingUs: 0, StartBugReporterOnCrash: 0, Is64bit: 1, IsPro: 0

 COMMAND LINE ARGUMENTS:
C:\unityversions\2020.3.3f1\Editor\Unity.exe
-adb2
-batchMode
-noUpm
-name
AssetImportWorker0
-projectPath
C:/Users/Public/UnityProj/Junior Programmer/Unit 5/Unit 5
-logFile
Logs/AssetImportWorker0.log
-srvPort
60871
Successfully changed project path to: C:/Users/Public/UnityProj/Junior Programmer/Unit 5/Unit 5
C:/Users/Public/UnityProj/Junior Programmer/Unit 5/Unit 5
Using Asset Import Pipeline V2.
Refreshing native plugins compatible for Editor in 20.31 ms, found 0 plugins.
Preloading 0 native plugins for Editor in 0.00 ms.
Initialize engine version: 2020.3.3f1 (76626098c1c4)
[Subsystems] Discovering subsystems at path C:/unityversions/2020.3.3f1/Editor/Data/Resources/UnitySubsystems
[Subsystems] Discovering subsystems at path C:/Users/Public/UnityProj/Junior Programmer/Unit 5/Unit 5/Assets
GfxDevice: creating device client; threaded=0
Direct3D:
    Version:  Direct3D 11.0 [level 11.1]
    Renderer: NVIDIA GeForce GTX 1660 (ID=0x2184)
    Vendor:   
    VRAM:     5991 MB
    Driver:   30.0.14.7111
Initialize mono
Mono path[0] = 'C:/unityversions/2020.3.3f1/Editor/Data/Managed'
Mono path[1] = 'C:/unityversions/2020.3.3f1/Editor/Data/MonoBleedingEdge/lib/mono/unityjit'
Mono config path = 'C:/unityversions/2020.3.3f1/Editor/Data/MonoBleedingEdge/etc'
Using monoOptions --debugger-agent=transport=dt_socket,embedding=1,server=y,suspend=n,address=127.0.0.1:56176
Begin MonoManager ReloadAssembly
Registering precompiled unity dll's ...
Register platform support module: C:/unityversions/2020.3.3f1/Editor/Data/PlaybackEngines/WebGLSupport/UnityEditor.WebGL.Extensions.dll
Register platform support module: C:/unityversions/2020.3.3f1/Editor/Data/PlaybackEngines/WindowsStandaloneSupport/UnityEditor.WindowsStandalone.Extensions.dll
Registered in 0.002082 seconds.
Native extension for WindowsStandalone target not found
Native extension for WebGL target not found
Refreshing native plugins compatible for Editor in 23.04 ms, found 0 plugins.
Preloading 0 native plugins for Editor in 0.00 ms.
Invoked RoslynAnalysisRunner static constructor.
RoslynAnalysisRunner will not be running.
RoslynAnalysisRunner has terminated.
Mono: successfully reloaded assembly
- Completed reload, in  1.739 seconds
Platform modules already initialized, skipping
Registering precompiled user dll's ...
Registered in 0.000571 seconds.
Begin MonoManager ReloadAssembly
Native extension for WindowsStandalone target not found
Native extension for WebGL target not found
Refreshing native plugins compatible for Editor in 0.20 ms, found 0 plugins.
Preloading 0 native plugins for Editor in 0.00 ms.
Invoked RoslynAnalysisRunner static constructor.
RoslynAnalysisRunner will not be running.
RoslynAnalysisRunner has terminated.
Mono: successfully reloaded assembly
- Completed reload, in  0.658 seconds
Platform modules already initialized, skipping
========================================================================
Worker process is ready to serve import requests
Launched and connected shader compiler UnityShaderCompiler.exe after 0.03 seconds
Refreshing native plugins compatible for Editor in 0.20 ms, found 0 plugins.
Preloading 0 native plugins for Editor in 0.00 ms.
Unloading 1166 Unused Serialized files (Serialized files now loaded: 0)
System memory in use before: 60.5 MB.
System memory in use after: 60.5 MB.

Unloading 10 unused Assets to reduce memory usage. Loaded Objects now: 1609.
Total: 1.428200 ms (FindLiveObjects: 0.144000 ms CreateObjectMapping: 0.053300 ms MarkObjects: 1.168400 ms  DeleteObjects: 0.061400 ms)

========================================================================
Received Import Request.
  path: Assets/Scripts/Managers/GameManager.cs
  artifactKey: Guid(07ebb30b656da6947af74eb1ec2fc7bf) Importer(815301076,1909f56bfc062723c751e8b465ee728b)
Start importing Assets/Scripts/Managers/GameManager.cs using Guid(07ebb30b656da6947af74eb1ec2fc7bf) Importer(815301076,1909f56bfc062723c751e8b465ee728b)  -> (artifact id: 'e313261d45708e14831e5ddfc82509fe') in 0.016282 seconds
  Import took 0.017838 seconds .

========================================================================
Received Prepare
Refreshing native plugins compatible for Editor in 0.66 ms, found 0 plugins.
Preloading 0 native plugins for Editor in 0.00 ms.
Unloading 3 Unused Serialized files (Serialized files now loaded: 0)
System memory in use before: 36.2 MB.
System memory in use after: 36.3 MB.

Unloading 3 unused Assets to reduce memory usage. Loaded Objects now: 1609.
Total: 1.397000 ms (FindLiveObjects: 0.135900 ms CreateObjectMapping: 0.034800 ms MarkObjects: 1.186000 ms  DeleteObjects: 0.039600 ms)

========================================================================
Received Prepare
Registering precompiled user dll's ...
Registered in 0.000526 seconds.
Begin MonoManager ReloadAssembly
Native extension for WindowsStandalone target not found
Native extension for WebGL target not found
Refreshing native plugins compatible for Editor in 0.20 ms, found 0 plugins.
Preloading 0 native plugins for Editor in 0.00 ms.
Invoked RoslynAnalysisRunner static constructor.
RoslynAnalysisRunner will not be running.
RoslynAnalysisRunner has terminated.
Mono: successfully reloaded assembly
- Completed reload, in  0.623 seconds
Platform modules already initialized, skipping
Refreshing native plugins compatible for Editor in 0.25 ms, found 0 plugins.
Preloading 0 native plugins for Editor in 0.00 ms.
Unloading 1147 Unused Serialized files (Serialized files now loaded: 0)
System memory in use before: 59.0 MB.
System memory in use after: 59.1 MB.

Unloading 5 unused Assets to reduce memory usage. Loaded Objects now: 1612.
Total: 1.273400 ms (FindLiveObjects: 0.109800 ms CreateObjectMapping: 0.028000 ms MarkObjects: 1.094100 ms  DeleteObjects: 0.040700 ms)

========================================================================
Received Prepare
Registering precompiled user dll's ...
Registered in 0.000906 seconds.
Begin MonoManager ReloadAssembly
Native extension for WindowsStandalone target not found
Native extension for WebGL target not found
Refreshing native plugins compatible for Editor in 0.21 ms, found 0 plugins.
Preloading 0 native plugins for Editor in 0.00 ms.
Invoked RoslynAnalysisRunner static constructor.
RoslynAnalysisRunner will not be running.
RoslynAnalysisRunner has terminated.
Mono: successfully reloaded assembly
- Completed reload, in  0.635 seconds
Platform modules already initialized, skipping
Refreshing native plugins compatible for Editor in 0.23 ms, found 0 plugins.
Preloading 0 native plugins for Editor in 0.00 ms.
Unloading 1147 Unused Serialized files (Serialized files now loaded: 0)
System memory in use before: 59.1 MB.
System memory in use after: 59.1 MB.

Unloading 5 unused Assets to reduce memory usage. Loaded Objects now: 1615.
Total: 3.115200 ms (FindLiveObjects: 0.273900 ms CreateObjectMapping: 0.100200 ms MarkObjects: 2.679100 ms  DeleteObjects: 0.060600 ms)

========================================================================
Received Prepare
Registering precompiled user dll's ...
Registered in 0.000576 seconds.
Begin MonoManager ReloadAssembly
Native extension for WindowsStandalone target not found
Native extension for WebGL target not found
Refreshing native plugins compatible for Editor in 0.22 ms, found 0 plugins.
Preloading 0 native plugins for Editor in 0.00 ms.
Invoked RoslynAnalysisRunner static constructor.
RoslynAnalysisRunner will not be running.
RoslynAnalysisRunner has terminated.
Mono: successfully reloaded assembly
- Completed reload, in  0.625 seconds
Platform modules already initialized, skipping
Refreshing native plugins compatible for Editor in 0.22 ms, found 0 plugins.
Preloading 0 native plugins for Editor in 0.00 ms.
Unloading 1147 Unused Serialized files (Serialized files now loaded: 0)
System memory in use before: 59.1 MB.
System memory in use after: 59.1 MB.

Unloading 5 unused Assets to reduce memory usage. Loaded Objects now: 1618.
Total: 5.030300 ms (FindLiveObjects: 0.370500 ms CreateObjectMapping: 0.170800 ms MarkObjects: 4.322400 ms  DeleteObjects: 0.163500 ms)

========================================================================
Received Prepare
Registering precompiled user dll's ...
Registered in 0.000518 seconds.
Begin MonoManager ReloadAssembly
Native extension for WindowsStandalone target not found
Native extension for WebGL target not found
Refreshing native plugins compatible for Editor in 0.21 ms, found 0 plugins.
Preloading 0 native plugins for Editor in 0.00 ms.
Invoked RoslynAnalysisRunner static constructor.
RoslynAnalysisRunner will not be running.
RoslynAnalysisRunner has terminated.
Mono: successfully reloaded assembly
- Completed reload, in  0.620 seconds
Platform modules already initialized, skipping
Refreshing native plugins compatible for Editor in 0.22 ms, found 0 plugins.
Preloading 0 native plugins for Editor in 0.00 ms.
Unloading 1147 Unused Serialized files (Serialized files now loaded: 0)
System memory in use before: 59.1 MB.
System memory in use after: 59.1 MB.

Unloading 5 unused Assets to reduce memory usage. Loaded Objects now: 1621.
Total: 1.494800 ms (FindLiveObjects: 0.172300 ms CreateObjectMapping: 0.035700 ms MarkObjects: 1.235600 ms  DeleteObjects: 0.050500 ms)

========================================================================
Received Prepare
Registering precompiled user dll's ...
Registered in 0.000557 seconds.
Begin MonoManager ReloadAssembly
Native extension for WindowsStandalone target not found
Native extension for WebGL target not found
Refreshing native plugins compatible for Editor in 0.20 ms, found 0 plugins.
Preloading 0 native plugins for Editor in 0.00 ms.
Invoked RoslynAnalysisRunner static constructor.
RoslynAnalysisRunner will not be running.
RoslynAnalysisRunner has terminated.
Mono: successfully reloaded assembly
- Completed reload, in  0.628 seconds
Platform modules already initialized, skipping
Refreshing native plugins compatible for Editor in 0.21 ms, found 0 plugins.
Preloading 0 native plugins for Editor in 0.00 ms.
Unloading 1147 Unused Serialized files (Serialized files now loaded: 0)
System memory in use before: 59.1 MB.
System memory in use after: 59.2 MB.

Unloading 5 unused Assets to reduce memory usage. Loaded Objects now: 1624.
Total: 4.956500 ms (FindLiveObjects: 0.364400 ms CreateObjectMapping: 0.135100 ms MarkObjects: 4.324200 ms  DeleteObjects: 0.129600 ms)

========================================================================
Received Prepare
Registering precompiled user dll's ...
Registered in 0.000860 seconds.
Begin MonoManager ReloadAssembly
Native extension for WindowsStandalone target not found
Native extension for WebGL target not found
Refreshing native plugins compatible for Editor in 0.19 ms, found 0 plugins.
Preloading 0 native plugins for Editor in 0.00 ms.
Invoked RoslynAnalysisRunner static constructor.
RoslynAnalysisRunner will not be running.
RoslynAnalysisRunner has terminated.
Mono: successfully reloaded assembly
- Completed reload, in  0.623 seconds
Platform modules already initialized, skipping
Refreshing native plugins compatible for Editor in 0.20 ms, found 0 plugins.
Preloading 0 native plugins for Editor in 0.00 ms.
Unloading 1147 Unused Serialized files (Serialized files now loaded: 0)
System memory in use before: 59.1 MB.
System memory in use after: 59.2 MB.

Unloading 5 unused Assets to reduce memory usage. Loaded Objects now: 1627.
Total: 1.961800 ms (FindLiveObjects: 0.156400 ms CreateObjectMapping: 0.033800 ms MarkObjects: 1.717300 ms  DeleteObjects: 0.053500 ms)

========================================================================
Received Prepare
Registering precompiled user dll's ...
Registered in 0.000501 seconds.
Begin MonoManager ReloadAssembly
Native extension for WindowsStandalone target not found
Native extension for WebGL target not found
Refreshing native plugins compatible for Editor in 0.21 ms, found 0 plugins.
Preloading 0 native plugins for Editor in 0.00 ms.
Invoked RoslynAnalysisRunner static constructor.
RoslynAnalysisRunner will not be running.
RoslynAnalysisRunner has terminated.
Mono: successfully reloaded assembly
- Completed reload, in  0.609 seconds
Platform modules already initialized, skipping
Refreshing native plugins compatible for Editor in 0.20 ms, found 0 plugins.
Preloading 0 native plugins for Editor in 0.00 ms.
Unloading 1147 Unused Serialized files (Serialized files now loaded: 0)
System memory in use before: 59.1 MB.
System memory in use after: 59.2 MB.

Unloading 5 unused Assets to reduce memory usage. Loaded Objects now: 1630.
Total: 2.760700 ms (FindLiveObjects: 0.217500 ms CreateObjectMapping: 0.070400 ms MarkObjects: 2.379600 ms  DeleteObjects: 0.091600 ms)

========================================================================
Received Prepare
Registering precompiled user dll's ...
Registered in 0.000565 seconds.
Begin MonoManager ReloadAssembly
Native extension for WindowsStandalone target not found
Native extension for WebGL target not found
Refreshing native plugins compatible for Editor in 0.21 ms, found 0 plugins.
Preloading 0 native plugins for Editor in 0.00 ms.
Invoked RoslynAnalysisRunner static constructor.
RoslynAnalysisRunner will not be running.
RoslynAnalysisRunner has terminated.
Mono: successfully reloaded assembly
- Completed reload, in  0.625 seconds
Platform modules already initialized, skipping
Refreshing native plugins compatible for Editor in 0.21 ms, found 0 plugins.
Preloading 0 native plugins for Editor in 0.00 ms.
Unloading 1147 Unused Serialized files (Serialized files now loaded: 0)
System memory in use before: 59.1 MB.
System memory in use after: 59.2 MB.

Unloading 5 unused Assets to reduce memory usage. Loaded Objects now: 1633.
Total: 2.935500 ms (FindLiveObjects: 0.240800 ms CreateObjectMapping: 0.075700 ms MarkObjects: 2.520200 ms  DeleteObjects: 0.097100 ms)

========================================================================
Received Import Request.
  Time since last request: 1642.577552 seconds.
  path: Assets/Prefabs/Bad 1.prefab
  artifactKey: Guid(8d6c35c841aae9f439fb2d9ee69f877b) Importer(815301076,1909f56bfc062723c751e8b465ee728b)
Start importing Assets/Prefabs/Bad 1.prefab using Guid(8d6c35c841aae9f439fb2d9ee69f877b) Importer(815301076,1909f56bfc062723c751e8b465ee728b)  -> (artifact id: '52cf08f04680ee250a473e8e028ccc9c') in 0.093665 seconds
  Import took 0.095622 seconds .

========================================================================
Received Import Request.
  Time since last request: 4.686940 seconds.
  path: Assets/Prefabs/Good 1.prefab
  artifactKey: Guid(aa0af11f90818eb4ca63ff67ddb7dd99) Importer(815301076,1909f56bfc062723c751e8b465ee728b)
Start importing Assets/Prefabs/Good 1.prefab using Guid(aa0af11f90818eb4ca63ff67ddb7dd99) Importer(815301076,1909f56bfc062723c751e8b465ee728b)  -> (artifact id: 'c999a602a7509a18a572bdfcf7556434') in 0.011940 seconds
  Import took 0.014114 seconds .

========================================================================
Received Import Request.
  Time since last request: 0.000761 seconds.
  path: Assets/Prefabs/Good 1.prefab
  artifactKey: Guid(aa0af11f90818eb4ca63ff67ddb7dd99) Importer(815301076,1909f56bfc062723c751e8b465ee728b)
Start importing Assets/Prefabs/Good 1.prefab using Guid(aa0af11f90818eb4ca63ff67ddb7dd99) Importer(815301076,1909f56bfc062723c751e8b465ee728b)  -> (artifact id: 'c999a602a7509a18a572bdfcf7556434') in 0.009969 seconds
  Import took 0.011826 seconds .

========================================================================
Received Import Request.
  Time since last request: 3.669674 seconds.
  path: Assets/Prefabs/Good 2.prefab
  artifactKey: Guid(89c973d57b8ff694098de19d3c7159bb) Importer(815301076,1909f56bfc062723c751e8b465ee728b)
Start importing Assets/Prefabs/Good 2.prefab using Guid(89c973d57b8ff694098de19d3c7159bb) Importer(815301076,1909f56bfc062723c751e8b465ee728b)  -> (artifact id: 'c5a4fda56d9aeaead299ec10015c38e5') in 0.011800 seconds
  Import took 0.014225 seconds .

========================================================================
Received Import Request.
  Time since last request: 2.492311 seconds.
  path: Assets/Prefabs/Good 3.prefab
  artifactKey: Guid(9190bc5f78a3e5142ada629e829bdf69) Importer(815301076,1909f56bfc062723c751e8b465ee728b)
Start importing Assets/Prefabs/Good 3.prefab using Guid(9190bc5f78a3e5142ada629e829bdf69) Importer(815301076,1909f56bfc062723c751e8b465ee728b)  -> (artifact id: '6f93937b5c08d8edf632212130888138') in 0.010280 seconds
  Import took 0.012401 seconds .

========================================================================
Received Import Request.
  Time since last request: 2.394262 seconds.
  path: Assets/Prefabs/Good 3.prefab
  artifactKey: Guid(9190bc5f78a3e5142ada629e829bdf69) Importer(815301076,1909f56bfc062723c751e8b465ee728b)
Start importing Assets/Prefabs/Good 3.prefab using Guid(9190bc5f78a3e5142ada629e829bdf69) Importer(815301076,1909f56bfc062723c751e8b465ee728b)  -> (artifact id: '2cbacac5210a092dd5bd50cb38dd7da4') in 0.011093 seconds
  Import took 0.012896 seconds .

========================================================================
Received Import Request.
  Time since last request: 3.148678 seconds.
  path: Assets/Prefabs/Good 2.prefab
  artifactKey: Guid(89c973d57b8ff694098de19d3c7159bb) Importer(815301076,1909f56bfc062723c751e8b465ee728b)
Start importing Assets/Prefabs/Good 2.prefab using Guid(89c973d57b8ff694098de19d3c7159bb) Importer(815301076,1909f56bfc062723c751e8b465ee728b)  -> (artifact id: 'de250e3473c458cd4ea93bc6130a2d4c') in 0.009743 seconds
  Import took 0.011632 seconds .

========================================================================
Received Import Request.
  Time since last request: 0.556700 seconds.
  path: Assets/Prefabs/Good 1.prefab
  artifactKey: Guid(aa0af11f90818eb4ca63ff67ddb7dd99) Importer(815301076,1909f56bfc062723c751e8b465ee728b)
Start importing Assets/Prefabs/Good 1.prefab using Guid(aa0af11f90818eb4ca63ff67ddb7dd99) Importer(815301076,1909f56bfc062723c751e8b465ee728b)  -> (artifact id: 'a822aea82f672d9383682df8379bfb5c') in 0.010567 seconds
  Import took 0.012455 seconds .

========================================================================
Received Import Request.
  Time since last request: 0.907911 seconds.
  path: Assets/Prefabs/Bad 1.prefab
  artifactKey: Guid(8d6c35c841aae9f439fb2d9ee69f877b) Importer(815301076,1909f56bfc062723c751e8b465ee728b)
Start importing Assets/Prefabs/Bad 1.prefab using Guid(8d6c35c841aae9f439fb2d9ee69f877b) Importer(815301076,1909f56bfc062723c751e8b465ee728b)  -> (artifact id: '3954ac407887eb128f6f0824a05275c2') in 0.014731 seconds
  Import took 0.016576 seconds .

========================================================================
Received Prepare
Registering precompiled user dll's ...
Registered in 0.000451 seconds.
Begin MonoManager ReloadAssembly
Native extension for WindowsStandalone target not found
Native extension for WebGL target not found
Refreshing native plugins compatible for Editor in 0.21 ms, found 0 plugins.
Preloading 0 native plugins for Editor in 0.00 ms.
Invoked RoslynAnalysisRunner static constructor.
RoslynAnalysisRunner will not be running.
RoslynAnalysisRunner has terminated.
Mono: successfully reloaded assembly
- Completed reload, in  0.599 seconds
Platform modules already initialized, skipping
Refreshing native plugins compatible for Editor in 0.20 ms, found 0 plugins.
Preloading 0 native plugins for Editor in 0.00 ms.
Unloading 1147 Unused Serialized files (Serialized files now loaded: 0)
System memory in use before: 62.2 MB.
System memory in use after: 62.3 MB.

Unloading 5 unused Assets to reduce memory usage. Loaded Objects now: 1643.
Total: 1.590600 ms (FindLiveObjects: 0.162600 ms CreateObjectMapping: 0.035600 ms MarkObjects: 1.344200 ms  DeleteObjects: 0.047300 ms)

========================================================================
Received Import Request.
  Time since last request: 144.074242 seconds.
  path: Assets/Course Library/Particles
  artifactKey: Guid(49a467b080e0e47048b2b350dadd3d17) Importer(815301076,1909f56bfc062723c751e8b465ee728b)
Start importing Assets/Course Library/Particles using Guid(49a467b080e0e47048b2b350dadd3d17) Importer(815301076,1909f56bfc062723c751e8b465ee728b)  -> (artifact id: '166064fc8bd111520b638267cc8a800f') in 0.004105 seconds
  Import took 0.006025 seconds .

========================================================================
Received Import Request.
  Time since last request: 0.007390 seconds.
  path: Assets/Course Library/Particles
  artifactKey: Guid(49a467b080e0e47048b2b350dadd3d17) Importer(815301076,1909f56bfc062723c751e8b465ee728b)
Start importing Assets/Course Library/Particles using Guid(49a467b080e0e47048b2b350dadd3d17) Importer(815301076,1909f56bfc062723c751e8b465ee728b)  -> (artifact id: '166064fc8bd111520b638267cc8a800f') in 0.001951 seconds
  Import took 0.003865 seconds .

========================================================================
Received Import Request.
  Time since last request: 0.500750 seconds.
  path: Assets/Course Library/Particles/Explosion_Black.prefab
  artifactKey: Guid(c7ad2532a6eeb40b59033c75e71fa054) Importer(815301076,1909f56bfc062723c751e8b465ee728b)
Start importing Assets/Course Library/Particles/Explosion_Black.prefab using Guid(c7ad2532a6eeb40b59033c75e71fa054) Importer(815301076,1909f56bfc062723c751e8b465ee728b)  -> (artifact id: 'a1741465cc3abeb773d4c1443f37fd4f') in 0.019964 seconds
  Import took 0.021800 seconds .

========================================================================
Received Import Request.
  Time since last request: 0.061806 seconds.
  path: Assets/Course Library/Particles/Explosion_Black.prefab
  artifactKey: Guid(c7ad2532a6eeb40b59033c75e71fa054) Importer(815301076,1909f56bfc062723c751e8b465ee728b)
Start importing Assets/Course Library/Particles/Explosion_Black.prefab using Guid(c7ad2532a6eeb40b59033c75e71fa054) Importer(815301076,1909f56bfc062723c751e8b465ee728b)  -> (artifact id: 'a1741465cc3abeb773d4c1443f37fd4f') in 0.003423 seconds
  Import took 0.005395 seconds .

========================================================================
Received Import Request.
  Time since last request: 2.898734 seconds.
  path: Assets/Course Library/Particles/Explosion_Blue.prefab
  artifactKey: Guid(743ce290c74ae49c19aa3f128322fc7e) Importer(815301076,1909f56bfc062723c751e8b465ee728b)
Start importing Assets/Course Library/Particles/Explosion_Blue.prefab using Guid(743ce290c74ae49c19aa3f128322fc7e) Importer(815301076,1909f56bfc062723c751e8b465ee728b)  -> (artifact id: 'fd2bc5cf9ce80c708fa58513eeee45f4') in 0.003547 seconds
  Import took 0.005372 seconds .

========================================================================
Received Import Request.
  Time since last request: 0.007087 seconds.
  path: Assets/Course Library/Particles/Explosion_Blue.prefab
  artifactKey: Guid(743ce290c74ae49c19aa3f128322fc7e) Importer(815301076,1909f56bfc062723c751e8b465ee728b)
Start importing Assets/Course Library/Particles/Explosion_Blue.prefab using Guid(743ce290c74ae49c19aa3f128322fc7e) Importer(815301076,1909f56bfc062723c751e8b465ee728b)  -> (artifact id: 'fd2bc5cf9ce80c708fa58513eeee45f4') in 0.003356 seconds
  Import took 0.005298 seconds .

========================================================================
Received Prepare
Registering precompiled user dll's ...
Registered in 0.000552 seconds.
Begin MonoManager ReloadAssembly
Native extension for WindowsStandalone target not found
Native extension for WebGL target not found
Refreshing native plugins compatible for Editor in 0.20 ms, found 0 plugins.
Preloading 0 native plugins for Editor in 0.00 ms.
Invoked RoslynAnalysisRunner static constructor.
RoslynAnalysisRunner will not be running.
RoslynAnalysisRunner has terminated.
Mono: successfully reloaded assembly
- Completed reload, in  0.614 seconds
Platform modules already initialized, skipping
Refreshing native plugins compatible for Editor in 0.22 ms, found 0 plugins.
Preloading 0 native plugins for Editor in 0.00 ms.
Unloading 1147 Unused Serialized files (Serialized files now loaded: 0)
System memory in use before: 62.3 MB.
System memory in use after: 62.3 MB.

Unloading 5 unused Assets to reduce memory usage. Loaded Objects now: 1647.
Total: 3.730600 ms (FindLiveObjects: 0.268300 ms CreateObjectMapping: 0.089300 ms MarkObjects: 3.245500 ms  DeleteObjects: 0.125400 ms)

========================================================================
Received Import Request.
  Time since last request: 242.267585 seconds.
  path: Assets/Prefabs/Bad 1.prefab
  artifactKey: Guid(8d6c35c841aae9f439fb2d9ee69f877b) Importer(815301076,1909f56bfc062723c751e8b465ee728b)
Start importing Assets/Prefabs/Bad 1.prefab using Guid(8d6c35c841aae9f439fb2d9ee69f877b) Importer(815301076,1909f56bfc062723c751e8b465ee728b)  -> (artifact id: '66d2c1519bb2132d126a86fce1399186') in 0.054385 seconds
  Import took 0.056377 seconds .

========================================================================
Received Import Request.
  Time since last request: 4.229127 seconds.
  path: Assets/Prefabs/Bad 1.prefab
  artifactKey: Guid(8d6c35c841aae9f439fb2d9ee69f877b) Importer(815301076,1909f56bfc062723c751e8b465ee728b)
Start importing Assets/Prefabs/Bad 1.prefab using Guid(8d6c35c841aae9f439fb2d9ee69f877b) Importer(815301076,1909f56bfc062723c751e8b465ee728b)  -> (artifact id: '7750c799008d951719cf62f9bc5518bd') in 0.017817 seconds
  Import took 0.019742 seconds .

========================================================================
Received Import Request.
  Time since last request: 1.912029 seconds.
  path: Assets/Prefabs/Good 1.prefab
  artifactKey: Guid(aa0af11f90818eb4ca63ff67ddb7dd99) Importer(815301076,1909f56bfc062723c751e8b465ee728b)
Start importing Assets/Prefabs/Good 1.prefab using Guid(aa0af11f90818eb4ca63ff67ddb7dd99) Importer(815301076,1909f56bfc062723c751e8b465ee728b)  -> (artifact id: '0d982d5187be14e4f83442aba3f6a0e6') in 0.009968 seconds
  Import took 0.011761 seconds .

========================================================================
Received Import Request.
  Time since last request: 2.770465 seconds.
  path: Assets/Prefabs/Good 1.prefab
  artifactKey: Guid(aa0af11f90818eb4ca63ff67ddb7dd99) Importer(815301076,1909f56bfc062723c751e8b465ee728b)
Start importing Assets/Prefabs/Good 1.prefab using Guid(aa0af11f90818eb4ca63ff67ddb7dd99) Importer(815301076,1909f56bfc062723c751e8b465ee728b)  -> (artifact id: '7a09d53a70e9b5a14b02013b93c2dcb1') in 0.014505 seconds
  Import took 0.016478 seconds .

========================================================================
Received Import Request.
  Time since last request: 1.612198 seconds.
  path: Assets/Prefabs/Good 2.prefab
  artifactKey: Guid(89c973d57b8ff694098de19d3c7159bb) Importer(815301076,1909f56bfc062723c751e8b465ee728b)
Start importing Assets/Prefabs/Good 2.prefab using Guid(89c973d57b8ff694098de19d3c7159bb) Importer(815301076,1909f56bfc062723c751e8b465ee728b)  -> (artifact id: '4a8f893033167b5d7c1cf3b3596bf889') in 0.010991 seconds
  Import took 0.012802 seconds .

========================================================================
Received Import Request.
  Time since last request: 4.221578 seconds.
  path: Assets/Prefabs/Good 2.prefab
  artifactKey: Guid(89c973d57b8ff694098de19d3c7159bb) Importer(815301076,1909f56bfc062723c751e8b465ee728b)
Start importing Assets/Prefabs/Good 2.prefab using Guid(89c973d57b8ff694098de19d3c7159bb) Importer(815301076,1909f56bfc062723c751e8b465ee728b)  -> (artifact id: '4c3843906aa333ed664aa656c6df7750') in 0.011653 seconds
  Import took 0.013554 seconds .

========================================================================
Received Import Request.
  Time since last request: 1.072489 seconds.
  path: Assets/Prefabs/Good 3.prefab
  artifactKey: Guid(9190bc5f78a3e5142ada629e829bdf69) Importer(815301076,1909f56bfc062723c751e8b465ee728b)
Start importing Assets/Prefabs/Good 3.prefab using Guid(9190bc5f78a3e5142ada629e829bdf69) Importer(815301076,1909f56bfc062723c751e8b465ee728b)  -> (artifact id: '784fe1dccc8cd30d9f75927a3b771caf') in 0.011174 seconds
  Import took 0.013110 seconds .

========================================================================
Received Import Request.
  Time since last request: 7.955077 seconds.
  path: Assets/Prefabs/Good 3.prefab
  artifactKey: Guid(9190bc5f78a3e5142ada629e829bdf69) Importer(815301076,1909f56bfc062723c751e8b465ee728b)
Start importing Assets/Prefabs/Good 3.prefab using Guid(9190bc5f78a3e5142ada629e829bdf69) Importer(815301076,1909f56bfc062723c751e8b465ee728b)  -> (artifact id: 'bc4673e2a5e58c31a15ab8a72e5e26f5') in 0.011960 seconds
  Import took 0.013902 seconds .

========================================================================
Received Prepare
Registering precompiled user dll's ...
Registered in 0.000516 seconds.
Begin MonoManager ReloadAssembly
Native extension for WindowsStandalone target not found
Native extension for WebGL target not found
Refreshing native plugins compatible for Editor in 0.20 ms, found 0 plugins.
Preloading 0 native plugins for Editor in 0.00 ms.
Invoked RoslynAnalysisRunner static constructor.
RoslynAnalysisRunner will not be running.
RoslynAnalysisRunner has terminated.
Mono: successfully reloaded assembly
- Completed reload, in  0.595 seconds
Platform modules already initialized, skipping
Refreshing native plugins compatible for Editor in 0.20 ms, found 0 plugins.
Preloading 0 native plugins for Editor in 0.00 ms.
Unloading 1147 Unused Serialized files (Serialized files now loaded: 0)
System memory in use before: 62.3 MB.
System memory in use after: 62.3 MB.

Unloading 5 unused Assets to reduce memory usage. Loaded Objects now: 1651.
Total: 1.422200 ms (FindLiveObjects: 0.183800 ms CreateObjectMapping: 0.034500 ms MarkObjects: 1.155200 ms  DeleteObjects: 0.048000 ms)

